#
# A fatal error has been detected by the Java Runtime Environment:
#
#  EXCEPTION_ACCESS_VIOLATION (0xc0000005) at pc=0x000007feeda41f1d, pid=5248, tid=4208
#
# JRE version: OpenJDK Runtime Environment (16.0.1+9) (build 16.0.1+9-24)
# Java VM: OpenJDK 64-Bit Server VM (16.0.1+9-24, mixed mode, tiered, compressed oops, compressed class ptrs, g1 gc, windows-amd64)
# Problematic frame:
# C  [lwjgl_opengl.dll+0x11f1d]
#
# No core dump will be written. Minidumps are not enabled by default on client versions of Windows
#
# If you would like to submit a bug report, please visit:
#   https://bugreport.java.com/bugreport/crash.jsp
# The crash happened outside the Java Virtual Machine in native code.
# See problematic frame for where to report the bug.
#

---------------  S U M M A R Y ------------

Command Line: -Dfile.encoding=Cp1252 -XX:+ShowCodeDetailsInExceptionMessages core.Main

Host: Intel(R) Core(TM) i5 CPU       M 520  @ 2.40GHz, 4 cores, 3G,  Windows 7 , 64 bit Build 7601 (6.1.7601.17617)
Time: Tue Jul 13 13:46:52 2021 Paris, Madrid (heure d’été) elapsed time: 1.898215 seconds (0d 0h 0m 1s)

---------------  T H R E A D  ---------------

Current thread (0x00000000004a3cf0):  JavaThread "main" [_thread_in_native, id=4208, stack(0x0000000002290000,0x0000000002390000)]

Stack: [0x0000000002290000,0x0000000002390000],  sp=0x000000000238ed88,  free space=1019k
Native frames: (J=compiled Java code, j=interpreted, Vv=VM code, C=native code)
C  [lwjgl_opengl.dll+0x11f1d]

Java frames: (J=compiled Java code, j=interpreted, Vv=VM code)
j  org.lwjgl.opengl.GL15.nglGenBuffers(IJ)V+0
j  org.lwjgl.opengl.GL15.glGenBuffers()I+20
j  core.buffers.MeshVBO.<init>()V+5
j  modules.Skydome.<init>()V+42
j  core.kernel.RenderingEngine.<init>()V+16
j  core.kernel.CoreEngine.createWindow(II)V+32
j  core.Main.main([Ljava/lang/String;)V+18
v  ~StubRoutines::call_stub

siginfo: EXCEPTION_ACCESS_VIOLATION (0xc0000005), reading address 0x0000000000000e88


Register to memory mapping:

RIP=0x000007feeda41f1d lwjgl_opengl.dll
RAX=0x000007feeeda33d0 jvm.dll
RBX={method} {0x000000005d04a5f8} 'nglGenBuffers' '(IJ)V' in 'org/lwjgl/opengl/GL15'
RCX=0x0000000000000001 is an unknown value
RDX=0x000000005c725bbc points into unknown readable memory: 00 00 00 00
RSP=0x000000000238ed88 is pointing into the stack for thread: 0x00000000004a3cf0
RBP=0x000000000238ee10 is pointing into the stack for thread: 0x00000000004a3cf0
RSI=0x00000000000006fc is an unknown value
RDI=0x0000000005d494f0 is at code_begin+1104 in an Interpreter codelet
return entry points  [0x0000000005d490a0, 0x0000000005d49b80]  2784 bytes
R8 =0x0000000000000001 is an unknown value
R9 =0x000000005c725bbc points into unknown readable memory: 00 00 00 00
R10=0x0 is NULL
R11=0x00000000c6a4f228 is an oop: java.lang.Class 
{0x00000000c6a4f228} - klass: 'java/lang/Class'
R12=0x0 is NULL
R13={method} {0x000000005d04a5f8} 'nglGenBuffers' '(IJ)V' in 'org/lwjgl/opengl/GL15'
R14=0x000000000238ee40 is pointing into the stack for thread: 0x00000000004a3cf0
R15=0x00000000004a3cf0 is a thread


Registers:
RAX=0x000007feeeda33d0, RBX=0x000000005d04a5f0, RCX=0x0000000000000001, RDX=0x000000005c725bbc
RSP=0x000000000238ed88, RBP=0x000000000238ee10, RSI=0x00000000000006fc, RDI=0x0000000005d494f0
R8 =0x0000000000000001, R9 =0x000000005c725bbc, R10=0x0000000000000000, R11=0x00000000c6a4f228
R12=0x0000000000000000, R13=0x000000005d04a5f0, R14=0x000000000238ee40, R15=0x00000000004a3cf0
RIP=0x000007feeda41f1d, EFLAGS=0x0000000000010287

Top of Stack: (sp=0x000000000238ed88)
0x000000000238ed88:   0000000005d4db0d 0000000005d494f0
0x000000000238ed98:   0000000005d4d82f 000000005d04a5f0
0x000000000238eda8:   00000000000006fc 0000000000000000
0x000000000238edb8:   000000000238edd0 0000000005d4d7d6
0x000000000238edc8:   000000000238edc8 000000005d04a5f0
0x000000000238edd8:   000000000238ee40 000000005d04e240
0x000000000238ede8:   0000000000000000 00000000c6a4f228
0x000000000238edf8:   000000005d04a5f0 0000000000000000
0x000000000238ee08:   000000000238ee30 000000000238ee90
0x000000000238ee18:   0000000005d494f0 00000000c6a4f228
0x000000000238ee28:   0000000005d4b238 000000005c725bbc
0x000000000238ee38:   0000000000000000 0000000000000001
0x000000000238ee48:   000000000238ee48 000000005d04a744
0x000000000238ee58:   000000000238eec0 000000005d04e240
0x000000000238ee68:   0000000000000000 00000000c6a4f228
0x000000000238ee78:   000000005d04a7a8 000000000238ee30 

Instructions: (pc=0x000007feeda41f1d)
0x000007feeda41e1d:   28 cb 48 8b 48 18 48 ff a1 18 42 00 00 cc cc cc
0x000007feeda41e2d:   cc cc cc 48 8b 01 0f 28 c2 f2 0f 10 54 24 28 0f
0x000007feeda41e3d:   28 cb 48 8b 48 18 48 ff a1 f8 41 00 00 cc cc cc
0x000007feeda41e4d:   cc cc cc 48 8b 01 49 8b c8 48 8b 50 18 48 ff a2
0x000007feeda41e5d:   48 42 00 00 cc cc cc cc cc cc cc cc cc cc cc cc
0x000007feeda41e6d:   cc cc cc 48 8b 01 49 8b c8 48 8b 50 18 48 ff a2
0x000007feeda41e7d:   68 42 00 00 cc cc cc cc cc cc cc cc cc cc cc cc
0x000007feeda41e8d:   cc cc cc 48 8b 01 49 8b c8 48 8b 50 18 48 ff a2
0x000007feeda41e9d:   28 42 00 00 cc cc cc cc cc cc cc cc cc cc cc cc
0x000007feeda41ead:   cc cc cc 48 8b 01 49 8b c8 48 8b 50 18 48 ff a2
0x000007feeda41ebd:   08 42 00 00 cc cc cc cc cc cc cc cc cc cc cc cc
0x000007feeda41ecd:   cc cc cc 48 8b 01 41 8b d1 41 8b c8 4c 8b 50 18
0x000007feeda41edd:   49 ff a2 d8 00 00 00 cc cc cc cc cc cc cc cc cc
0x000007feeda41eed:   cc cc cc 48 8b 01 49 8b d1 41 8b c8 4c 8b 50 18
0x000007feeda41efd:   49 ff a2 20 09 00 00 cc cc cc cc cc cc cc cc cc
0x000007feeda41f0d:   cc cc cc 48 8b 01 49 8b d1 41 8b c8 4c 8b 50 18
0x000007feeda41f1d:   49 ff a2 88 0e 00 00 cc cc cc cc cc cc cc cc cc
0x000007feeda41f2d:   cc cc cc 48 8b 01 48 8b 48 18 48 8b 81 b0 1a 00
0x000007feeda41f3d:   00 41 8b c8 48 ff e0 cc cc cc cc cc cc cc cc cc
0x000007feeda41f4d:   cc cc cc 40 53 48 8b 01 41 8b d8 4c 8b 44 24 30
0x000007feeda41f5d:   49 8b d1 44 8b 4c 24 38 8b cb 4c 8b 50 18 5b 49
0x000007feeda41f6d:   ff a2 d8 02 00 00 cc cc cc cc cc cc cc cc cc cc
0x000007feeda41f7d:   cc cc cc 40 53 48 8b 01 41 8b d8 4c 8b 44 24 30
0x000007feeda41f8d:   49 8b d1 4c 8b 4c 24 38 8b cb 4c 8b 50 18 5b 49
0x000007feeda41f9d:   ff a2 f8 02 00 00 cc cc cc cc cc cc cc cc cc cc
0x000007feeda41fad:   cc cc cc 40 53 48 8b 01 41 8b d8 4c 8b 44 24 30
0x000007feeda41fbd:   49 8b d1 4c 8b 4c 24 38 8b cb 4c 8b 50 18 5b 49
0x000007feeda41fcd:   ff a2 18 10 00 00 cc cc cc cc cc cc cc cc cc cc
0x000007feeda41fdd:   cc cc cc 48 8b 01 41 8b d1 48 8b 48 18 48 8b 81
0x000007feeda41fed:   10 1d 00 00 41 8b c8 48 ff e0 cc cc cc cc cc cc
0x000007feeda41ffd:   cc cc cc 48 8b 01 48 8b 48 18 48 8b 81 a8 38 00
0x000007feeda4200d:   00 41 8b c8 48 ff e0 cc cc cc cc cc cc cc cc cc 


Stack slot to memory mapping:
stack at sp + 0 slots: 0x0000000005d4db0d is at code_begin+1005 in an Interpreter codelet
method entry point (kind = native)  [0x0000000005d4d720, 0x0000000005d4e0c0]  2464 bytes
stack at sp + 1 slots: 0x0000000005d494f0 is at code_begin+1104 in an Interpreter codelet
return entry points  [0x0000000005d490a0, 0x0000000005d49b80]  2784 bytes
stack at sp + 2 slots: 0x0000000005d4d82f is at code_begin+271 in an Interpreter codelet
method entry point (kind = native)  [0x0000000005d4d720, 0x0000000005d4e0c0]  2464 bytes
stack at sp + 3 slots: {method} {0x000000005d04a5f8} 'nglGenBuffers' '(IJ)V' in 'org/lwjgl/opengl/GL15'
stack at sp + 4 slots: 0x00000000000006fc is an unknown value
stack at sp + 5 slots: 0x0 is NULL
stack at sp + 6 slots: 0x000000000238edd0 is pointing into the stack for thread: 0x00000000004a3cf0
stack at sp + 7 slots: 0x0000000005d4d7d6 is at code_begin+182 in an Interpreter codelet
method entry point (kind = native)  [0x0000000005d4d720, 0x0000000005d4e0c0]  2464 bytes


---------------  P R O C E S S  ---------------

Threads class SMR info:
_java_thread_list=0x000000005bee3eb0, length=12, elements={
0x00000000004a3cf0, 0x000000005a4c1180, 0x000000005a4c40b0, 0x000000005a4f7c60,
0x000000005a4fa6d0, 0x000000005a4fafe0, 0x000000005a507f10, 0x000000005a509b50,
0x000000005a50b550, 0x000000005a518680, 0x000000005bee2d90, 0x000000005bee72b0
}

Java Threads: ( => current thread )
=>0x00000000004a3cf0 JavaThread "main" [_thread_in_native, id=4208, stack(0x0000000002290000,0x0000000002390000)]
  0x000000005a4c1180 JavaThread "Reference Handler" daemon [_thread_blocked, id=5704, stack(0x000000005b260000,0x000000005b360000)]
  0x000000005a4c40b0 JavaThread "Finalizer" daemon [_thread_blocked, id=4940, stack(0x000000005b400000,0x000000005b500000)]
  0x000000005a4f7c60 JavaThread "Signal Dispatcher" daemon [_thread_blocked, id=5664, stack(0x000000005b560000,0x000000005b660000)]
  0x000000005a4fa6d0 JavaThread "Attach Listener" daemon [_thread_blocked, id=4252, stack(0x000000005b6d0000,0x000000005b7d0000)]
  0x000000005a4fafe0 JavaThread "Service Thread" daemon [_thread_blocked, id=3696, stack(0x000000005a660000,0x000000005a760000)]
  0x000000005a507f10 JavaThread "Monitor Deflation Thread" daemon [_thread_blocked, id=5736, stack(0x000000005b820000,0x000000005b920000)]
  0x000000005a509b50 JavaThread "C2 CompilerThread0" daemon [_thread_blocked, id=1256, stack(0x000000005ba80000,0x000000005bb80000)]
  0x000000005a50b550 JavaThread "C1 CompilerThread0" daemon [_thread_blocked, id=5468, stack(0x000000005bc70000,0x000000005bd70000)]
  0x000000005a518680 JavaThread "Sweeper thread" daemon [_thread_blocked, id=6000, stack(0x000000005bd70000,0x000000005be70000)]
  0x000000005bee2d90 JavaThread "Notification Thread" daemon [_thread_blocked, id=3384, stack(0x000000005c340000,0x000000005c440000)]
  0x000000005bee72b0 JavaThread "Common-Cleaner" daemon [_thread_blocked, id=2436, stack(0x000000005b920000,0x000000005ba20000)]

Other Threads:
  0x000000005a4a51b0 VMThread "VM Thread" [stack: 0x000000005b0e0000,0x000000005b1e0000] [id=5272]
  0x0000000019ff9c60 WatcherThread [stack: 0x000000005c590000,0x000000005c690000] [id=5508]
  0x00000000004d7170 GCTaskThread "GC Thread#0" [stack: 0x0000000017760000,0x0000000017860000] [id=1640]
  0x00000000004dfb80 ConcurrentGCThread "G1 Main Marker" [stack: 0x0000000017a00000,0x0000000017b00000] [id=1368]
  0x00000000004e2580 ConcurrentGCThread "G1 Conc#0" [stack: 0x0000000017900000,0x0000000017a00000] [id=1876]
  0x0000000000529a50 ConcurrentGCThread "G1 Refine#0" [stack: 0x000000001a0f0000,0x000000001a1f0000] [id=5380]
  0x000000000052a460 ConcurrentGCThread "G1 Service" [stack: 0x000000001a2a0000,0x000000001a3a0000] [id=4692]

Threads with active compile tasks:

VM state: not at safepoint (normal execution)

VM Mutex/Monitor currently owned by a thread: None

Heap address: 0x00000000c3200000, size: 974 MB, Compressed Oops mode: 32-bit

CDS disabled.
Compressed class space mapped at: 0x000000001a400000-0x000000005a400000, reserved size: 1073741824
Narrow klass base: 0x0000000000000000, Narrow klass shift: 0, Narrow klass range: 0x5a400000

GC Precious Log:
 CPUs: 4 total, 4 available
 Memory: 3893M
 Large Page Support: Disabled
 NUMA Support: Disabled
 Compressed Oops: Enabled (32-bit)
 Heap Region Size: 1M
 Heap Min Capacity: 8M
 Heap Initial Capacity: 62M
 Heap Max Capacity: 974M
 Pre-touch: Disabled
 Parallel Workers: 4
 Concurrent Workers: 1
 Concurrent Refinement Workers: 4
 Periodic GC: Disabled

Heap:
 garbage-first heap   total 63488K, used 5120K [0x00000000c3200000, 0x0000000100000000)
  region size 1024K, 6 young (6144K), 0 survivors (0K)
 Metaspace       used 9292K, committed 9472K, reserved 1064960K
  class space    used 790K, committed 896K, reserved 1048576K

Heap Regions: E=young(eden), S=young(survivor), O=old, HS=humongous(starts), HC=humongous(continues), CS=collection set, F=free, OA=open archive, CA=closed archive, TAMS=top-at-mark-start (previous, next)
|   0|0x00000000c3200000, 0x00000000c3200000, 0x00000000c3300000|  0%| F|  |TAMS 0x00000000c3200000, 0x00000000c3200000| Untracked 
|   1|0x00000000c3300000, 0x00000000c3300000, 0x00000000c3400000|  0%| F|  |TAMS 0x00000000c3300000, 0x00000000c3300000| Untracked 
|   2|0x00000000c3400000, 0x00000000c3400000, 0x00000000c3500000|  0%| F|  |TAMS 0x00000000c3400000, 0x00000000c3400000| Untracked 
|   3|0x00000000c3500000, 0x00000000c3500000, 0x00000000c3600000|  0%| F|  |TAMS 0x00000000c3500000, 0x00000000c3500000| Untracked 
|   4|0x00000000c3600000, 0x00000000c3600000, 0x00000000c3700000|  0%| F|  |TAMS 0x00000000c3600000, 0x00000000c3600000| Untracked 
|   5|0x00000000c3700000, 0x00000000c3700000, 0x00000000c3800000|  0%| F|  |TAMS 0x00000000c3700000, 0x00000000c3700000| Untracked 
|   6|0x00000000c3800000, 0x00000000c3800000, 0x00000000c3900000|  0%| F|  |TAMS 0x00000000c3800000, 0x00000000c3800000| Untracked 
|   7|0x00000000c3900000, 0x00000000c3900000, 0x00000000c3a00000|  0%| F|  |TAMS 0x00000000c3900000, 0x00000000c3900000| Untracked 
|   8|0x00000000c3a00000, 0x00000000c3a00000, 0x00000000c3b00000|  0%| F|  |TAMS 0x00000000c3a00000, 0x00000000c3a00000| Untracked 
|   9|0x00000000c3b00000, 0x00000000c3b00000, 0x00000000c3c00000|  0%| F|  |TAMS 0x00000000c3b00000, 0x00000000c3b00000| Untracked 
|  10|0x00000000c3c00000, 0x00000000c3c00000, 0x00000000c3d00000|  0%| F|  |TAMS 0x00000000c3c00000, 0x00000000c3c00000| Untracked 
|  11|0x00000000c3d00000, 0x00000000c3d00000, 0x00000000c3e00000|  0%| F|  |TAMS 0x00000000c3d00000, 0x00000000c3d00000| Untracked 
|  12|0x00000000c3e00000, 0x00000000c3e00000, 0x00000000c3f00000|  0%| F|  |TAMS 0x00000000c3e00000, 0x00000000c3e00000| Untracked 
|  13|0x00000000c3f00000, 0x00000000c3f00000, 0x00000000c4000000|  0%| F|  |TAMS 0x00000000c3f00000, 0x00000000c3f00000| Untracked 
|  14|0x00000000c4000000, 0x00000000c4000000, 0x00000000c4100000|  0%| F|  |TAMS 0x00000000c4000000, 0x00000000c4000000| Untracked 
|  15|0x00000000c4100000, 0x00000000c4100000, 0x00000000c4200000|  0%| F|  |TAMS 0x00000000c4100000, 0x00000000c4100000| Untracked 
|  16|0x00000000c4200000, 0x00000000c4200000, 0x00000000c4300000|  0%| F|  |TAMS 0x00000000c4200000, 0x00000000c4200000| Untracked 
|  17|0x00000000c4300000, 0x00000000c4300000, 0x00000000c4400000|  0%| F|  |TAMS 0x00000000c4300000, 0x00000000c4300000| Untracked 
|  18|0x00000000c4400000, 0x00000000c4400000, 0x00000000c4500000|  0%| F|  |TAMS 0x00000000c4400000, 0x00000000c4400000| Untracked 
|  19|0x00000000c4500000, 0x00000000c4500000, 0x00000000c4600000|  0%| F|  |TAMS 0x00000000c4500000, 0x00000000c4500000| Untracked 
|  20|0x00000000c4600000, 0x00000000c4600000, 0x00000000c4700000|  0%| F|  |TAMS 0x00000000c4600000, 0x00000000c4600000| Untracked 
|  21|0x00000000c4700000, 0x00000000c4700000, 0x00000000c4800000|  0%| F|  |TAMS 0x00000000c4700000, 0x00000000c4700000| Untracked 
|  22|0x00000000c4800000, 0x00000000c4800000, 0x00000000c4900000|  0%| F|  |TAMS 0x00000000c4800000, 0x00000000c4800000| Untracked 
|  23|0x00000000c4900000, 0x00000000c4900000, 0x00000000c4a00000|  0%| F|  |TAMS 0x00000000c4900000, 0x00000000c4900000| Untracked 
|  24|0x00000000c4a00000, 0x00000000c4a00000, 0x00000000c4b00000|  0%| F|  |TAMS 0x00000000c4a00000, 0x00000000c4a00000| Untracked 
|  25|0x00000000c4b00000, 0x00000000c4b00000, 0x00000000c4c00000|  0%| F|  |TAMS 0x00000000c4b00000, 0x00000000c4b00000| Untracked 
|  26|0x00000000c4c00000, 0x00000000c4c00000, 0x00000000c4d00000|  0%| F|  |TAMS 0x00000000c4c00000, 0x00000000c4c00000| Untracked 
|  27|0x00000000c4d00000, 0x00000000c4d00000, 0x00000000c4e00000|  0%| F|  |TAMS 0x00000000c4d00000, 0x00000000c4d00000| Untracked 
|  28|0x00000000c4e00000, 0x00000000c4e00000, 0x00000000c4f00000|  0%| F|  |TAMS 0x00000000c4e00000, 0x00000000c4e00000| Untracked 
|  29|0x00000000c4f00000, 0x00000000c4f00000, 0x00000000c5000000|  0%| F|  |TAMS 0x00000000c4f00000, 0x00000000c4f00000| Untracked 
|  30|0x00000000c5000000, 0x00000000c5000000, 0x00000000c5100000|  0%| F|  |TAMS 0x00000000c5000000, 0x00000000c5000000| Untracked 
|  31|0x00000000c5100000, 0x00000000c5100000, 0x00000000c5200000|  0%| F|  |TAMS 0x00000000c5100000, 0x00000000c5100000| Untracked 
|  32|0x00000000c5200000, 0x00000000c5200000, 0x00000000c5300000|  0%| F|  |TAMS 0x00000000c5200000, 0x00000000c5200000| Untracked 
|  33|0x00000000c5300000, 0x00000000c5300000, 0x00000000c5400000|  0%| F|  |TAMS 0x00000000c5300000, 0x00000000c5300000| Untracked 
|  34|0x00000000c5400000, 0x00000000c5400000, 0x00000000c5500000|  0%| F|  |TAMS 0x00000000c5400000, 0x00000000c5400000| Untracked 
|  35|0x00000000c5500000, 0x00000000c5500000, 0x00000000c5600000|  0%| F|  |TAMS 0x00000000c5500000, 0x00000000c5500000| Untracked 
|  36|0x00000000c5600000, 0x00000000c5600000, 0x00000000c5700000|  0%| F|  |TAMS 0x00000000c5600000, 0x00000000c5600000| Untracked 
|  37|0x00000000c5700000, 0x00000000c5700000, 0x00000000c5800000|  0%| F|  |TAMS 0x00000000c5700000, 0x00000000c5700000| Untracked 
|  38|0x00000000c5800000, 0x00000000c5800000, 0x00000000c5900000|  0%| F|  |TAMS 0x00000000c5800000, 0x00000000c5800000| Untracked 
|  39|0x00000000c5900000, 0x00000000c5900000, 0x00000000c5a00000|  0%| F|  |TAMS 0x00000000c5900000, 0x00000000c5900000| Untracked 
|  40|0x00000000c5a00000, 0x00000000c5a00000, 0x00000000c5b00000|  0%| F|  |TAMS 0x00000000c5a00000, 0x00000000c5a00000| Untracked 
|  41|0x00000000c5b00000, 0x00000000c5b00000, 0x00000000c5c00000|  0%| F|  |TAMS 0x00000000c5b00000, 0x00000000c5b00000| Untracked 
|  42|0x00000000c5c00000, 0x00000000c5c00000, 0x00000000c5d00000|  0%| F|  |TAMS 0x00000000c5c00000, 0x00000000c5c00000| Untracked 
|  43|0x00000000c5d00000, 0x00000000c5d00000, 0x00000000c5e00000|  0%| F|  |TAMS 0x00000000c5d00000, 0x00000000c5d00000| Untracked 
|  44|0x00000000c5e00000, 0x00000000c5e00000, 0x00000000c5f00000|  0%| F|  |TAMS 0x00000000c5e00000, 0x00000000c5e00000| Untracked 
|  45|0x00000000c5f00000, 0x00000000c5f00000, 0x00000000c6000000|  0%| F|  |TAMS 0x00000000c5f00000, 0x00000000c5f00000| Untracked 
|  46|0x00000000c6000000, 0x00000000c6000000, 0x00000000c6100000|  0%| F|  |TAMS 0x00000000c6000000, 0x00000000c6000000| Untracked 
|  47|0x00000000c6100000, 0x00000000c6100000, 0x00000000c6200000|  0%| F|  |TAMS 0x00000000c6100000, 0x00000000c6100000| Untracked 
|  48|0x00000000c6200000, 0x00000000c6200000, 0x00000000c6300000|  0%| F|  |TAMS 0x00000000c6200000, 0x00000000c6200000| Untracked 
|  49|0x00000000c6300000, 0x00000000c6300000, 0x00000000c6400000|  0%| F|  |TAMS 0x00000000c6300000, 0x00000000c6300000| Untracked 
|  50|0x00000000c6400000, 0x00000000c6400000, 0x00000000c6500000|  0%| F|  |TAMS 0x00000000c6400000, 0x00000000c6400000| Untracked 
|  51|0x00000000c6500000, 0x00000000c6500000, 0x00000000c6600000|  0%| F|  |TAMS 0x00000000c6500000, 0x00000000c6500000| Untracked 
|  52|0x00000000c6600000, 0x00000000c6600000, 0x00000000c6700000|  0%| F|  |TAMS 0x00000000c6600000, 0x00000000c6600000| Untracked 
|  53|0x00000000c6700000, 0x00000000c6700000, 0x00000000c6800000|  0%| F|  |TAMS 0x00000000c6700000, 0x00000000c6700000| Untracked 
|  54|0x00000000c6800000, 0x00000000c6800000, 0x00000000c6900000|  0%| F|  |TAMS 0x00000000c6800000, 0x00000000c6800000| Untracked 
|  55|0x00000000c6900000, 0x00000000c6900000, 0x00000000c6a00000|  0%| F|  |TAMS 0x00000000c6900000, 0x00000000c6900000| Untracked 
|  56|0x00000000c6a00000, 0x00000000c6acdb38, 0x00000000c6b00000| 80%| E|  |TAMS 0x00000000c6a00000, 0x00000000c6a00000| Complete 
|  57|0x00000000c6b00000, 0x00000000c6c00000, 0x00000000c6c00000|100%| E|CS|TAMS 0x00000000c6b00000, 0x00000000c6b00000| Complete 
|  58|0x00000000c6c00000, 0x00000000c6d00000, 0x00000000c6d00000|100%| E|CS|TAMS 0x00000000c6c00000, 0x00000000c6c00000| Complete 
|  59|0x00000000c6d00000, 0x00000000c6e00000, 0x00000000c6e00000|100%| E|CS|TAMS 0x00000000c6d00000, 0x00000000c6d00000| Complete 
|  60|0x00000000c6e00000, 0x00000000c6f00000, 0x00000000c6f00000|100%| E|CS|TAMS 0x00000000c6e00000, 0x00000000c6e00000| Complete 
|  61|0x00000000c6f00000, 0x00000000c7000000, 0x00000000c7000000|100%| E|CS|TAMS 0x00000000c6f00000, 0x00000000c6f00000| Complete 

Card table byte_map: [0x0000000015460000,0x0000000015650000] _byte_map_base: 0x0000000014e47000

Marking Bits (Prev, Next): (CMBitMap*) 0x00000000004d7770, (CMBitMap*) 0x00000000004d77b0
 Prev Bits: [0x0000000015840000, 0x0000000016778000)
 Next Bits: [0x0000000016780000, 0x00000000176b8000)

Polling page: 0x0000000000120000

Metaspace:

Usage:
  Non-class:      8.30 MB used.
      Class:    790.79 KB used.
       Both:      9.07 MB used.

Virtual space:
  Non-class space:       16.00 MB reserved,       8.38 MB ( 52%) committed,  2 nodes.
      Class space:        1.00 GB reserved,     896.00 KB ( <1%) committed,  1 nodes.
              Both:        1.02 GB reserved,       9.25 MB ( <1%) committed. 

Chunk freelists:
   Non-Class:  3.66 MB
       Class:  3.17 MB
        Both:  6.83 MB

MaxMetaspaceSize: 17179869184.00 GB
CompressedClassSpaceSize: 1.00 GB
 - commit_granule_bytes: 65536.
 - commit_granule_words: 8192.
 - virtual_space_node_default_size: 1048576.
 - enlarge_chunks_in_place: 1.
 - new_chunks_are_fully_committed: 0.
 - uncommit_free_chunks: 1.
 - use_allocation_guard: 0.
 - handle_deallocations: 1.


Internal statistics:

num_allocs_failed_limit: 0.
num_arena_births: 42.
num_arena_deaths: 0.
num_vsnodes_births: 3.
num_vsnodes_deaths: 0.
num_space_committed: 148.
num_space_uncommitted: 0.
num_chunks_returned_to_freelist: 0.
num_chunks_taken_from_freelist: 105.
num_chunk_merges: 0.
num_chunk_splits: 59.
num_chunks_enlarged: 38.
num_purges: 0.

CodeHeap 'non-profiled nmethods': size=120000Kb used=181Kb max_used=181Kb free=119818Kb
 bounds [0x000000000d810000, 0x000000000da80000, 0x0000000014d40000]
CodeHeap 'profiled nmethods': size=120000Kb used=862Kb max_used=862Kb free=119137Kb
 bounds [0x00000000062e0000, 0x0000000006550000, 0x000000000d810000]
CodeHeap 'non-nmethods': size=5760Kb used=1397Kb max_used=1411Kb free=4362Kb
 bounds [0x0000000005d40000, 0x0000000005fb0000, 0x00000000062e0000]
 total_blobs=1365 nmethods=601 adapters=678
 compilation: enabled
              stopped_count=0, restarted_count=0
 full_count=0

Compilation events (20 events):
Event: 1.844 Thread 0x000000005a50b550  593       3       java.nio.HeapByteBuffer::put (12 bytes)
Event: 1.844 Thread 0x000000005a50b550 nmethod 593 0x00000000063b4290 code [0x00000000063b4460, 0x00000000063b47e8]
Event: 1.844 Thread 0x000000005a50b550  594       3       java.nio.Buffer::checkScope (16 bytes)
Event: 1.845 Thread 0x000000005a50b550 nmethod 594 0x00000000063b4990 code [0x00000000063b4b60, 0x00000000063b4e38]
Event: 1.845 Thread 0x000000005a509b50  588       4       java.lang.String::checkBoundsBeginEnd (63 bytes)
Event: 1.846 Thread 0x000000005a509b50 nmethod 588 0x000000000d83d390 code [0x000000000d83d520, 0x000000000d83d5d8]
Event: 1.849 Thread 0x000000005a50b550  595       3       jdk.internal.jimage.BasicImageReader::getString (49 bytes)
Event: 1.850 Thread 0x000000005a50b550 nmethod 595 0x00000000063b4f10 code [0x00000000063b50e0, 0x00000000063b53c8]
Event: 1.850 Thread 0x000000005a50b550  596       3       jdk.internal.jimage.ImageStringsReader::stringFromByteBuffer (28 bytes)
Event: 1.850 Thread 0x000000005a50b550 nmethod 596 0x00000000063b5510 code [0x00000000063b56e0, 0x00000000063b5a18]
Event: 1.850 Thread 0x000000005a50b550  597       3       jdk.internal.jimage.ImageStringsReader::get (9 bytes)
Event: 1.850 Thread 0x000000005a50b550 nmethod 597 0x00000000063b5b90 code [0x00000000063b5d40, 0x00000000063b5f08]
Event: 1.850 Thread 0x000000005a50b550  598       3       java.util.zip.ZipFile::ensureOpen (40 bytes)
Event: 1.851 Thread 0x000000005a50b550 nmethod 598 0x00000000063b6010 code [0x00000000063b61e0, 0x00000000063b6518]
Event: 1.854 Thread 0x000000005a50b550  599       3       java.util.jar.JarFile::getEntry (35 bytes)
Event: 1.855 Thread 0x000000005a50b550 nmethod 599 0x00000000063b6690 code [0x00000000063b6880, 0x00000000063b6cf8]
Event: 1.855 Thread 0x000000005a50b550  600   !   3       jdk.internal.loader.URLClassPath$JarLoader::ensureOpen (36 bytes)
Event: 1.855 Thread 0x000000005a50b550 nmethod 600 0x00000000063b6e90 code [0x00000000063b7060, 0x00000000063b7478]
Event: 1.855 Thread 0x000000005a50b550  601       3       java.util.jar.JarFile::getJarEntry (9 bytes)
Event: 1.856 Thread 0x000000005a50b550 nmethod 601 0x00000000063b7610 code [0x00000000063b77c0, 0x00000000063b7a68]

GC Heap History (0 events):
No events

Deoptimization events (20 events):
Event: 1.737 Thread 0x00000000004a3cf0 DEOPT PACKING pc=0x000000000639617a sp=0x000000000238ec50
Event: 1.737 Thread 0x00000000004a3cf0 DEOPT UNPACKING pc=0x0000000005d8deaf sp=0x000000000238e0d8 mode 0
Event: 1.739 Thread 0x00000000004a3cf0 DEOPT PACKING pc=0x000000000639617a sp=0x000000000238ec70
Event: 1.739 Thread 0x00000000004a3cf0 DEOPT UNPACKING pc=0x0000000005d8deaf sp=0x000000000238e0f8 mode 0
Event: 1.741 Thread 0x00000000004a3cf0 DEOPT PACKING pc=0x000000000639617a sp=0x000000000238ec50
Event: 1.741 Thread 0x00000000004a3cf0 DEOPT UNPACKING pc=0x0000000005d8deaf sp=0x000000000238e0d8 mode 0
Event: 1.742 Thread 0x00000000004a3cf0 DEOPT PACKING pc=0x000000000639617a sp=0x000000000238ec50
Event: 1.742 Thread 0x00000000004a3cf0 DEOPT UNPACKING pc=0x0000000005d8deaf sp=0x000000000238e0d8 mode 0
Event: 1.743 Thread 0x00000000004a3cf0 DEOPT PACKING pc=0x000000000639617a sp=0x000000000238ec70
Event: 1.743 Thread 0x00000000004a3cf0 DEOPT UNPACKING pc=0x0000000005d8deaf sp=0x000000000238e0f8 mode 0
Event: 1.744 Thread 0x00000000004a3cf0 DEOPT PACKING pc=0x000000000639617a sp=0x000000000238ec70
Event: 1.744 Thread 0x00000000004a3cf0 DEOPT UNPACKING pc=0x0000000005d8deaf sp=0x000000000238e0f8 mode 0
Event: 1.744 Thread 0x00000000004a3cf0 DEOPT PACKING pc=0x000000000639617a sp=0x000000000238ec50
Event: 1.744 Thread 0x00000000004a3cf0 DEOPT UNPACKING pc=0x0000000005d8deaf sp=0x000000000238e0d8 mode 0
Event: 1.745 Thread 0x00000000004a3cf0 DEOPT PACKING pc=0x000000000639617a sp=0x000000000238ec50
Event: 1.745 Thread 0x00000000004a3cf0 DEOPT UNPACKING pc=0x0000000005d8deaf sp=0x000000000238e0d8 mode 0
Event: 1.746 Thread 0x00000000004a3cf0 DEOPT PACKING pc=0x000000000639617a sp=0x000000000238ec70
Event: 1.746 Thread 0x00000000004a3cf0 DEOPT UNPACKING pc=0x0000000005d8deaf sp=0x000000000238e0f8 mode 0
Event: 1.747 Thread 0x00000000004a3cf0 DEOPT PACKING pc=0x000000000639617a sp=0x000000000238ec70
Event: 1.747 Thread 0x00000000004a3cf0 DEOPT UNPACKING pc=0x0000000005d8deaf sp=0x000000000238e0f8 mode 0

Classes unloaded (0 events):
No events

Classes redefined (0 events):
No events

Internal exceptions (9 events):
Event: 0.681 Thread 0x00000000004a3cf0 Exception <a 'java/lang/NoSuchMethodError'{0x00000000c6eebfd8}: 'void java.lang.invoke.DirectMethodHandle$Holder.invokeStatic(java.lang.Object, java.lang.Object)'> (0x00000000c6eebfd8) 
thrown [t:\workspace\open\src\hotspot\share\interpreter\linkResolver.cpp, line 790]
Event: 0.687 Thread 0x00000000004a3cf0 Exception <a 'java/lang/NoSuchMethodError'{0x00000000c6ef1b00}: 'void java.lang.invoke.DirectMethodHandle$Holder.invokeSpecial(java.lang.Object, java.lang.Object, java.lang.Object)'> (0x00000000c6ef1b00) 
thrown [t:\workspace\open\src\hotspot\share\interpreter\linkResolver.cpp, line 790]
Event: 0.700 Thread 0x00000000004a3cf0 Exception <a 'java/lang/NoSuchMethodError'{0x00000000c6d06cd0}: 'java.lang.Object java.lang.invoke.DirectMethodHandle$Holder.invokeStatic(java.lang.Object, java.lang.Object, int)'> (0x00000000c6d06cd0) 
thrown [t:\workspace\open\src\hotspot\share\interpreter\linkResolver.cpp, line 790]
Event: 0.705 Thread 0x00000000004a3cf0 Exception <a 'java/lang/NoSuchMethodError'{0x00000000c6d12e78}: 'void java.lang.invoke.DelegatingMethodHandle$Holder.delegate(java.lang.Object, java.lang.Object, int, java.lang.Object)'> (0x00000000c6d12e78) 
thrown [t:\workspace\open\src\hotspot\share\interpreter\linkResolver.cpp, line 790]
Event: 0.706 Thread 0x00000000004a3cf0 Exception <a 'java/lang/NoSuchMethodError'{0x00000000c6d171d0}: 'int java.lang.invoke.DirectMethodHandle$Holder.invokeSpecial(java.lang.Object, java.lang.Object, java.lang.Object)'> (0x00000000c6d171d0) 
thrown [t:\workspace\open\src\hotspot\share\interpreter\linkResolver.cpp, line 790]
Event: 1.048 Thread 0x00000000004a3cf0 Exception <a 'java/lang/NoSuchMethodError'{0x00000000c6cb2988}: 'java.lang.Object java.lang.invoke.DirectMethodHandle$Holder.invokeStatic(java.lang.Object)'> (0x00000000c6cb2988) 
thrown [t:\workspace\open\src\hotspot\share\interpreter\linkResolver.cpp, line 790]
Event: 1.050 Thread 0x00000000004a3cf0 Exception <a 'java/lang/NoSuchMethodError'{0x00000000c6cb5ff8}: 'java.lang.Object java.lang.invoke.DirectMethodHandle$Holder.invokeStaticInit(java.lang.Object)'> (0x00000000c6cb5ff8) 
thrown [t:\workspace\open\src\hotspot\share\interpreter\linkResolver.cpp, line 790]
Event: 1.852 Thread 0x00000000004a3cf0 Exception <a 'sun/nio/fs/WindowsException'{0x00000000c6a86b00}> (0x00000000c6a86b00) 
thrown [t:\workspace\open\src\hotspot\share\prims\jni.cpp, line 579]
Event: 1.853 Thread 0x00000000004a3cf0 Exception <a 'sun/nio/fs/WindowsException'{0x00000000c6a87000}> (0x00000000c6a87000) 
thrown [t:\workspace\open\src\hotspot\share\prims\jni.cpp, line 579]

Events (20 events):
Event: 1.206 loading class java/util/function/BiPredicate done
Event: 1.210 loading class jdk/internal/reflect/UnsafeQualifiedStaticIntegerFieldAccessorImpl
Event: 1.211 loading class jdk/internal/reflect/UnsafeQualifiedStaticIntegerFieldAccessorImpl done
Event: 1.488 Executing  VM operation: Cleanup
Event: 1.488 Executing  VM operation: Cleanup done
Event: 1.638 loading class java/io/FileReader
Event: 1.638 loading class java/io/FileReader done
Event: 1.674 loading class java/util/ArrayList$SubList
Event: 1.675 loading class java/util/ArrayList$SubList done
Event: 1.836 Loaded shared library C:\Users\Hay Info\AppData\Local\Temp\lwjglHay Info\3.1.2-build-29\lwjgl_opengl.dll
Event: 1.851 loading class sun/nio/fs/WindowsException
Event: 1.852 loading class sun/nio/fs/WindowsException done
Event: 1.852 loading class sun/nio/fs/WindowsDirectoryStream
Event: 1.852 loading class java/nio/file/DirectoryStream
Event: 1.852 loading class java/nio/file/DirectoryStream done
Event: 1.852 loading class sun/nio/fs/WindowsDirectoryStream done
Event: 1.853 loading class java/nio/file/NoSuchFileException
Event: 1.853 loading class java/nio/file/FileSystemException
Event: 1.853 loading class java/nio/file/FileSystemException done
Event: 1.853 loading class java/nio/file/NoSuchFileException done


Dynamic libraries:
0x000000013f810000 - 0x000000013f81e000 	C:\Users\Hay Info\.p2\pool\plugins\org.eclipse.justj.openjdk.hotspot.jre.full.win32.x86_64_16.0.1.v20210528-1205\jre\bin\javaw.exe
0x0000000076e10000 - 0x0000000076fb9000 	C:\Windows\SYSTEM32\ntdll.dll
0x0000000076bf0000 - 0x0000000076d0f000 	C:\Windows\system32\kernel32.dll
0x000007fefcf50000 - 0x000007fefcfbc000 	C:\Windows\system32\KERNELBASE.dll
0x000007fef7f40000 - 0x000007fef7f58000 	C:\Users\Hay Info\.p2\pool\plugins\org.eclipse.justj.openjdk.hotspot.jre.full.win32.x86_64_16.0.1.v20210528-1205\jre\bin\jli.dll
0x000007fefb4a0000 - 0x000007fefb694000 	C:\Windows\WinSxS\amd64_microsoft.windows.common-controls_6595b64144ccf1df_6.0.7601.17514_none_fa396087175ac9ac\COMCTL32.dll
0x000007fefed60000 - 0x000007fefedff000 	C:\Windows\system32\msvcrt.dll
0x000007fefdd70000 - 0x000007fefddd7000 	C:\Windows\system32\GDI32.dll
0x0000000076d10000 - 0x0000000076e0a000 	C:\Windows\system32\USER32.dll
0x000007feff110000 - 0x000007feff11e000 	C:\Windows\system32\LPK.dll
0x000007fefdde0000 - 0x000007fefdea9000 	C:\Windows\system32\USP10.dll
0x000007fefda80000 - 0x000007fefdaf1000 	C:\Windows\system32\SHLWAPI.dll
0x000007fef7fa0000 - 0x000007fef7fb9000 	C:\Users\Hay Info\.p2\pool\plugins\org.eclipse.justj.openjdk.hotspot.jre.full.win32.x86_64_16.0.1.v20210528-1205\jre\bin\VCRUNTIME140.dll
0x000007fef7ef0000 - 0x000007fef7ef4000 	C:\Users\Hay Info\.p2\pool\plugins\org.eclipse.justj.openjdk.hotspot.jre.full.win32.x86_64_16.0.1.v20210528-1205\jre\bin\api-ms-win-crt-runtime-l1-1-0.dll
0x000007feed920000 - 0x000007feeda1a000 	C:\Users\Hay Info\.p2\pool\plugins\org.eclipse.justj.openjdk.hotspot.jre.full.win32.x86_64_16.0.1.v20210528-1205\jre\bin\ucrtbase.DLL
0x000007fef7e50000 - 0x000007fef7e53000 	C:\Users\Hay Info\.p2\pool\plugins\org.eclipse.justj.openjdk.hotspot.jre.full.win32.x86_64_16.0.1.v20210528-1205\jre\bin\api-ms-win-core-localization-l1-2-0.dll
0x000007fef34d0000 - 0x000007fef34d3000 	C:\Users\Hay Info\.p2\pool\plugins\org.eclipse.justj.openjdk.hotspot.jre.full.win32.x86_64_16.0.1.v20210528-1205\jre\bin\api-ms-win-core-processthreads-l1-1-1.dll
0x000007fef34c0000 - 0x000007fef34c3000 	C:\Users\Hay Info\.p2\pool\plugins\org.eclipse.justj.openjdk.hotspot.jre.full.win32.x86_64_16.0.1.v20210528-1205\jre\bin\api-ms-win-core-file-l1-2-0.dll
0x000007fef1fb0000 - 0x000007fef1fb3000 	C:\Users\Hay Info\.p2\pool\plugins\org.eclipse.justj.openjdk.hotspot.jre.full.win32.x86_64_16.0.1.v20210528-1205\jre\bin\api-ms-win-core-timezone-l1-1-0.dll
0x000007feefc80000 - 0x000007feefc83000 	C:\Users\Hay Info\.p2\pool\plugins\org.eclipse.justj.openjdk.hotspot.jre.full.win32.x86_64_16.0.1.v20210528-1205\jre\bin\api-ms-win-core-file-l2-1-0.dll
0x000007feefc70000 - 0x000007feefc73000 	C:\Users\Hay Info\.p2\pool\plugins\org.eclipse.justj.openjdk.hotspot.jre.full.win32.x86_64_16.0.1.v20210528-1205\jre\bin\api-ms-win-core-synch-l1-2-0.dll
0x000007feefba0000 - 0x000007feefba3000 	C:\Users\Hay Info\.p2\pool\plugins\org.eclipse.justj.openjdk.hotspot.jre.full.win32.x86_64_16.0.1.v20210528-1205\jre\bin\api-ms-win-crt-heap-l1-1-0.dll
0x000007feef3a0000 - 0x000007feef3a4000 	C:\Users\Hay Info\.p2\pool\plugins\org.eclipse.justj.openjdk.hotspot.jre.full.win32.x86_64_16.0.1.v20210528-1205\jre\bin\api-ms-win-crt-string-l1-1-0.dll
0x000007feef390000 - 0x000007feef394000 	C:\Users\Hay Info\.p2\pool\plugins\org.eclipse.justj.openjdk.hotspot.jre.full.win32.x86_64_16.0.1.v20210528-1205\jre\bin\api-ms-win-crt-stdio-l1-1-0.dll
0x000007feef380000 - 0x000007feef384000 	C:\Users\Hay Info\.p2\pool\plugins\org.eclipse.justj.openjdk.hotspot.jre.full.win32.x86_64_16.0.1.v20210528-1205\jre\bin\api-ms-win-crt-convert-l1-1-0.dll
0x000007feef370000 - 0x000007feef373000 	C:\Users\Hay Info\.p2\pool\plugins\org.eclipse.justj.openjdk.hotspot.jre.full.win32.x86_64_16.0.1.v20210528-1205\jre\bin\api-ms-win-crt-environment-l1-1-0.dll
0x000007feef360000 - 0x000007feef363000 	C:\Users\Hay Info\.p2\pool\plugins\org.eclipse.justj.openjdk.hotspot.jre.full.win32.x86_64_16.0.1.v20210528-1205\jre\bin\api-ms-win-crt-filesystem-l1-1-0.dll
0x000007feef350000 - 0x000007feef355000 	C:\Users\Hay Info\.p2\pool\plugins\org.eclipse.justj.openjdk.hotspot.jre.full.win32.x86_64_16.0.1.v20210528-1205\jre\bin\api-ms-win-crt-math-l1-1-0.dll
0x000007feef340000 - 0x000007feef343000 	C:\Users\Hay Info\.p2\pool\plugins\org.eclipse.justj.openjdk.hotspot.jre.full.win32.x86_64_16.0.1.v20210528-1205\jre\bin\api-ms-win-crt-locale-l1-1-0.dll
0x000007fefdf30000 - 0x000007fefdf5e000 	C:\Windows\system32\IMM32.DLL
0x000007fefd610000 - 0x000007fefd719000 	C:\Windows\system32\MSCTF.dll
0x000007fef7430000 - 0x000007fef743c000 	C:\Users\Hay Info\.p2\pool\plugins\org.eclipse.justj.openjdk.hotspot.jre.full.win32.x86_64_16.0.1.v20210528-1205\jre\bin\vcruntime140_1.dll
0x000007feef210000 - 0x000007feef2a1000 	C:\Users\Hay Info\.p2\pool\plugins\org.eclipse.justj.openjdk.hotspot.jre.full.win32.x86_64_16.0.1.v20210528-1205\jre\bin\msvcp140.dll
0x000007feef330000 - 0x000007feef333000 	C:\Users\Hay Info\.p2\pool\plugins\org.eclipse.justj.openjdk.hotspot.jre.full.win32.x86_64_16.0.1.v20210528-1205\jre\bin\api-ms-win-crt-time-l1-1-0.dll
0x000007feef200000 - 0x000007feef203000 	C:\Users\Hay Info\.p2\pool\plugins\org.eclipse.justj.openjdk.hotspot.jre.full.win32.x86_64_16.0.1.v20210528-1205\jre\bin\api-ms-win-crt-utility-l1-1-0.dll
0x000007feee330000 - 0x000007feeeedb000 	C:\Users\Hay Info\.p2\pool\plugins\org.eclipse.justj.openjdk.hotspot.jre.full.win32.x86_64_16.0.1.v20210528-1205\jre\bin\server\jvm.dll
0x000007fefee00000 - 0x000007fefeedb000 	C:\Windows\system32\ADVAPI32.dll
0x000007fefda60000 - 0x000007fefda7f000 	C:\Windows\SYSTEM32\sechost.dll
0x000007fefefe0000 - 0x000007feff10d000 	C:\Windows\system32\RPCRT4.dll
0x000007fefa810000 - 0x000007fefa819000 	C:\Windows\system32\WSOCK32.dll
0x000007fefecf0000 - 0x000007fefed3d000 	C:\Windows\system32\WS2_32.dll
0x000007fefdb00000 - 0x000007fefdb08000 	C:\Windows\system32\NSI.dll
0x000007fefb990000 - 0x000007fefb9cb000 	C:\Windows\system32\WINMM.dll
0x000007fefbe90000 - 0x000007fefbe9c000 	C:\Windows\system32\VERSION.dll
0x0000000076fd0000 - 0x0000000076fd7000 	C:\Windows\system32\PSAPI.DLL
0x000007fef6d40000 - 0x000007fef6d4a000 	C:\Users\Hay Info\.p2\pool\plugins\org.eclipse.justj.openjdk.hotspot.jre.full.win32.x86_64_16.0.1.v20210528-1205\jre\bin\jimage.dll
0x000007fef72c0000 - 0x000007fef73e5000 	C:\Windows\system32\DBGHELP.DLL
0x000007fef6ca0000 - 0x000007fef6cc5000 	C:\Users\Hay Info\.p2\pool\plugins\org.eclipse.justj.openjdk.hotspot.jre.full.win32.x86_64_16.0.1.v20210528-1205\jre\bin\java.dll
0x000007fef6ce0000 - 0x000007fef6cf8000 	C:\Users\Hay Info\.p2\pool\plugins\org.eclipse.justj.openjdk.hotspot.jre.full.win32.x86_64_16.0.1.v20210528-1205\jre\bin\zip.dll
0x000007fefdf60000 - 0x000007fefece8000 	C:\Windows\system32\SHELL32.dll
0x000007fefd850000 - 0x000007fefda53000 	C:\Windows\system32\ole32.dll
0x000007fefcd60000 - 0x000007fefcd6f000 	C:\Windows\system32\profapi.dll
0x000007fef6c80000 - 0x000007fef6c99000 	C:\Users\Hay Info\.p2\pool\plugins\org.eclipse.justj.openjdk.hotspot.jre.full.win32.x86_64_16.0.1.v20210528-1205\jre\bin\net.dll
0x000007fef9000000 - 0x000007fef9071000 	C:\Windows\system32\WINHTTP.dll
0x000007fef8f90000 - 0x000007fef8ff4000 	C:\Windows\system32\webio.dll
0x000007fefc5d0000 - 0x000007fefc625000 	C:\Windows\system32\mswsock.dll
0x000007fefc5c0000 - 0x000007fefc5c7000 	C:\Windows\System32\wship6.dll
0x000007fef37f0000 - 0x000007fef3803000 	C:\Users\Hay Info\.p2\pool\plugins\org.eclipse.justj.openjdk.hotspot.jre.full.win32.x86_64_16.0.1.v20210528-1205\jre\bin\nio.dll
0x000007feef1a0000 - 0x000007feef1f7000 	C:\Users\Hay Info\AppData\Local\Temp\lwjglHay Info\3.1.2-build-29\lwjgl.dll
0x000007feeefc0000 - 0x000007feeeffd000 	C:\Users\HAYINF~1\AppData\Local\Temp\lwjglHay Info\3.1.2-build-29\glfw.dll
0x000007fefb3f0000 - 0x000007fefb446000 	C:\Windows\system32\uxtheme.dll
0x000007feeef80000 - 0x000007feeefbc000 	C:\Windows\system32\dinput8.dll
0x000007feef190000 - 0x000007feef19c000 	C:\Windows\system32\xinput9_1_0.dll
0x000007fefd2b0000 - 0x000007fefd487000 	C:\Windows\system32\SETUPAPI.dll
0x000007fefceb0000 - 0x000007fefcee6000 	C:\Windows\system32\CFGMGR32.dll
0x000007fefd1d0000 - 0x000007fefd2a7000 	C:\Windows\system32\OLEAUT32.dll
0x000007fefcf30000 - 0x000007fefcf4a000 	C:\Windows\system32\DEVOBJ.dll
0x000007fefb010000 - 0x000007fefb028000 	C:\Windows\system32\dwmapi.dll
0x000007fefb960000 - 0x000007fefb96b000 	C:\Windows\system32\HID.DLL
0x000007fefcef0000 - 0x000007fefcf2b000 	C:\Windows\system32\WINTRUST.dll
0x000007fefcfc0000 - 0x000007fefd12d000 	C:\Windows\system32\CRYPT32.dll
0x000007fefce00000 - 0x000007fefce0f000 	C:\Windows\system32\MSASN1.dll
0x000007feeef40000 - 0x000007feeef7c000 	C:\Users\HAYINF~1\AppData\Local\Temp\lwjglHay Info\3.1.2-build-29\jemalloc.dll
0x000007feefc90000 - 0x000007feefdad000 	C:\Windows\system32\opengl32.dll
0x000007feefe20000 - 0x000007feefe4d000 	C:\Windows\system32\GLU32.dll
0x000007feef3e0000 - 0x000007feef4d1000 	C:\Windows\system32\DDRAW.dll
0x000007fef7f70000 - 0x000007fef7f78000 	C:\Windows\system32\DCIMAN32.dll
0x0000000180000000 - 0x00000001811f2000 	C:\Windows\system32\ig4icd64.dll
0x000007fefcc90000 - 0x000007fefcc9f000 	C:\Windows\system32\CRYPTBASE.dll
0x000007fefd130000 - 0x000007fefd1c9000 	C:\Windows\system32\CLBCatQ.DLL
0x000007feeda30000 - 0x000007feeda8c000 	C:\Users\Hay Info\AppData\Local\Temp\lwjglHay Info\3.1.2-build-29\lwjgl_opengl.dll

dbghelp: loaded successfully - version: 4.0.5 - missing functions: none
symbol engine: initialized successfully - sym options: 0x614 - pdb path: .;C:\Users\Hay Info\.p2\pool\plugins\org.eclipse.justj.openjdk.hotspot.jre.full.win32.x86_64_16.0.1.v20210528-1205\jre\bin;C:\Windows\SYSTEM32;C:\Windows\WinSxS\amd64_microsoft.windows.common-controls_6595b64144ccf1df_6.0.7601.17514_none_fa396087175ac9ac;C:\Users\Hay Info\.p2\pool\plugins\org.eclipse.justj.openjdk.hotspot.jre.full.win32.x86_64_16.0.1.v20210528-1205\jre\bin\server;C:\Users\Hay Info\AppData\Local\Temp\lwjglHay Info\3.1.2-build-29;C:\Users\HAYINF~1\AppData\Local\Temp\lwjglHay Info\3.1.2-build-29

VM Arguments:
jvm_args: -Dfile.encoding=Cp1252 -XX:+ShowCodeDetailsInExceptionMessages 
java_command: core.Main
java_class_path (initial): D:\Lwjgl3-Game-Engine-Programming-Series-tutorial_1\oreon.engine\target\classes;C:\Users\Hay Info\.m2\repository\org\lwjgl\lwjgl\3.1.2\lwjgl-3.1.2.jar;C:\Users\Hay Info\.m2\repository\org\lwjgl\lwjgl-assimp\3.1.2\lwjgl-assimp-3.1.2.jar;C:\Users\Hay Info\.m2\repository\org\lwjgl\lwjgl-glfw\3.1.2\lwjgl-glfw-3.1.2.jar;C:\Users\Hay Info\.m2\repository\org\lwjgl\lwjgl-jemalloc\3.1.2\lwjgl-jemalloc-3.1.2.jar;C:\Users\Hay Info\.m2\repository\org\lwjgl\lwjgl-openal\3.1.2\lwjgl-openal-3.1.2.jar;C:\Users\Hay Info\.m2\repository\org\lwjgl\lwjgl-opengl\3.1.2\lwjgl-opengl-3.1.2.jar;C:\Users\Hay Info\.m2\repository\org\lwjgl\lwjgl-stb\3.1.2\lwjgl-stb-3.1.2.jar;C:\Users\Hay Info\.m2\repository\org\lwjgl\lwjgl\3.1.2\lwjgl-3.1.2-natives-windows.jar;C:\Users\Hay Info\.m2\repository\org\lwjgl\lwjgl-assimp\3.1.2\lwjgl-assimp-3.1.2-natives-windows.jar;C:\Users\Hay Info\.m2\repository\org\lwjgl\lwjgl-glfw\3.1.2\lwjgl-glfw-3.1.2-natives-windows.jar;C:\Users\Hay Info\.m2\repository\org\lwjgl\lwjgl-jemalloc\3.1.2\lwjgl-jemalloc-3.1.2-natives-windows.jar;C:\Users\Hay Info\.m2\repository\org\lwjgl\lwjgl-openal\3.1.2\lwjgl-openal-3.1.2-natives-windows.jar;C:\Users\Hay Info\.m2\repository\org\lwjgl\lwjgl-opengl\3.1.2\lwjgl-opengl-3.1.2-natives-windows.jar;C:\Users\Hay Info\.m2\repository\org\lwjgl\lwjgl-stb\3.1.2\lwjgl-stb-3.1.2-natives-windows.jar
Launcher Type: SUN_STANDARD

[Global flags]
     intx CICompilerCount                          = 3                                         {product} {ergonomic}
     uint ConcGCThreads                            = 1                                         {product} {ergonomic}
     uint G1ConcRefinementThreads                  = 4                                         {product} {ergonomic}
   size_t G1HeapRegionSize                         = 1048576                                   {product} {ergonomic}
    uintx GCDrainStackTargetSize                   = 64                                        {product} {ergonomic}
   size_t InitialHeapSize                          = 65011712                                  {product} {ergonomic}
   size_t MarkStackSize                            = 4194304                                   {product} {ergonomic}
   size_t MaxHeapSize                              = 1021313024                                {product} {ergonomic}
   size_t MaxNewSize                               = 612368384                                 {product} {ergonomic}
   size_t MinHeapDeltaBytes                        = 1048576                                   {product} {ergonomic}
   size_t MinHeapSize                              = 8388608                                   {product} {ergonomic}
    uintx NonNMethodCodeHeapSize                   = 5832780                                {pd product} {ergonomic}
    uintx NonProfiledCodeHeapSize                  = 122912730                              {pd product} {ergonomic}
    uintx ProfiledCodeHeapSize                     = 122912730                              {pd product} {ergonomic}
    uintx ReservedCodeCacheSize                    = 251658240                              {pd product} {ergonomic}
     bool SegmentedCodeCache                       = true                                      {product} {ergonomic}
     bool ShowCodeDetailsInExceptionMessages       = true                                   {manageable} {command line}
   size_t SoftMaxHeapSize                          = 1021313024                             {manageable} {ergonomic}
     bool UseCompressedClassPointers               = true                           {product lp64_product} {ergonomic}
     bool UseCompressedOops                        = true                           {product lp64_product} {ergonomic}
     bool UseG1GC                                  = true                                      {product} {ergonomic}
     bool UseLargePagesIndividualAllocation        = false                                  {pd product} {ergonomic}

Logging:
Log output configuration:
 #0: stdout all=warning uptime,level,tags
 #1: stderr all=off uptime,level,tags

Environment Variables:
PATH=C:/Users/Hay Info/.p2/pool/plugins/org.eclipse.justj.openjdk.hotspot.jre.full.win32.x86_64_16.0.1.v20210528-1205/jre/bin/server;C:/Users/Hay Info/.p2/pool/plugins/org.eclipse.justj.openjdk.hotspot.jre.full.win32.x86_64_16.0.1.v20210528-1205/jre/bin;C:\Program Files\Java\jdk1.8.0_251\bin;D:\xampp\php;C:\ProgramData\ComposerSetup\bin;C:\Program Files (x86)\nodejs\;C:\Program Files\Java\jdk1.8.0_251\bin;C:\Users\Hay Info\AppData\Roaming\Composer\vendor\bin;D:\xampp1\php;C:\Program Files\JetBrains\PhpStorm 2020.3.2\bin;;C:\Users\Hay Info\AppData\Roaming\npm;C:\Users\Hay Info\AppData\Local\Programs\MiKTeX\miktex\bin\x64\;C:\Users\Hay Info\AppData\Local\Programs\Microsoft VS Code\bin;C:\Users\Hay Info\AppData\Roaming\Microsoft\Windows\Start Menu\Programs\Eclipse;
USERNAME=Hay Info
OS=Windows_NT
PROCESSOR_IDENTIFIER=Intel64 Family 6 Model 37 Stepping 5, GenuineIntel



---------------  S Y S T E M  ---------------

OS:
 Windows 7 , 64 bit Build 7601 (6.1.7601.17617)
OS uptime: 0 days 7:03 hours

CPU: total 4 (initial active 4) (2 cores per cpu, 2 threads per core) family 6 model 37 stepping 5 microcode 0x0, cx8, cmov, fxsr, ht, mmx, sse, sse2, sse3, ssse3, sse4.1, sse4.2, popcnt, tsc, tscinvbit, aes, clmul, clflush

Memory: 4k page, system-wide physical 3893M (139M free)
TotalPageFile size 7785M (AvailPageFile size 809M)
current process WorkingSet (physical memory assigned to process): 61M, peak: 61M
current process commit charge ("private bytes"): 174M, peak: 174M

vm_info: OpenJDK 64-Bit Server VM (16.0.1+9-24) for windows-amd64 JRE (16.0.1+9-24), built on Mar 26 2021 19:30:07 by "mach5one" with MS VC++ 16.7 (VS2019)

END.
