#
# A fatal error has been detected by the Java Runtime Environment:
#
#  EXCEPTION_ACCESS_VIOLATION (0xc0000005) at pc=0x000007feed951f1d, pid=3128, tid=5172
#
# JRE version: OpenJDK Runtime Environment (16.0.1+9) (build 16.0.1+9-24)
# Java VM: OpenJDK 64-Bit Server VM (16.0.1+9-24, mixed mode, tiered, compressed oops, compressed class ptrs, g1 gc, windows-amd64)
# Problematic frame:
# C  [lwjgl_opengl.dll+0x11f1d]
#
# No core dump will be written. Minidumps are not enabled by default on client versions of Windows
#
# If you would like to submit a bug report, please visit:
#   https://bugreport.java.com/bugreport/crash.jsp
# The crash happened outside the Java Virtual Machine in native code.
# See problematic frame for where to report the bug.
#

---------------  S U M M A R Y ------------

Command Line: -Dfile.encoding=Cp1252 -XX:+ShowCodeDetailsInExceptionMessages core.Main

Host: Intel(R) Core(TM) i5 CPU       M 520  @ 2.40GHz, 4 cores, 3G,  Windows 7 , 64 bit Build 7601 (6.1.7601.17617)
Time: Tue Jul 13 13:47:20 2021 Paris, Madrid (heure d’été) elapsed time: 1.276738 seconds (0d 0h 0m 1s)

---------------  T H R E A D  ---------------

Current thread (0x00000000004c3cf0):  JavaThread "main" [_thread_in_native, id=5172, stack(0x0000000002310000,0x0000000002410000)]

Stack: [0x0000000002310000,0x0000000002410000],  sp=0x000000000240eec8,  free space=1019k
Native frames: (J=compiled Java code, j=interpreted, Vv=VM code, C=native code)
C  [lwjgl_opengl.dll+0x11f1d]

Java frames: (J=compiled Java code, j=interpreted, Vv=VM code)
j  org.lwjgl.opengl.GL15.nglGenBuffers(IJ)V+0
j  org.lwjgl.opengl.GL15.glGenBuffers()I+20
j  core.buffers.MeshVBO.<init>()V+5
j  modules.Skydome.<init>()V+42
j  core.kernel.RenderingEngine.<init>()V+16
j  core.kernel.CoreEngine.createWindow(II)V+32
j  core.Main.main([Ljava/lang/String;)V+18
v  ~StubRoutines::call_stub

siginfo: EXCEPTION_ACCESS_VIOLATION (0xc0000005), reading address 0x0000000000000e88


Register to memory mapping:

RIP=0x000007feed951f1d lwjgl_opengl.dll
RAX=0x000007feeeda33d0 jvm.dll
RBX={method} {0x000000005cc4cd20} 'nglGenBuffers' '(IJ)V' in 'org/lwjgl/opengl/GL15'
RCX=0x0000000000000001 is an unknown value
RDX=0x000000005c142a2c points into unknown readable memory: 00 00 00 00
RSP=0x000000000240eec8 is pointing into the stack for thread: 0x00000000004c3cf0
RBP=0x000000000240ef50 is pointing into the stack for thread: 0x00000000004c3cf0
RSI=0x00000000000006fc is an unknown value
RDI=0x0000000005b795bf is at code_begin+1311 in an Interpreter codelet
return entry points  [0x0000000005b790a0, 0x0000000005b79b80]  2784 bytes
R8 =0x0000000000000001 is an unknown value
R9 =0x000000005c142a2c points into unknown readable memory: 00 00 00 00
R10=0x0 is NULL
R11=0x00000000c6a4f228 is an oop: java.lang.Class 
{0x00000000c6a4f228} - klass: 'java/lang/Class'
R12=0x0 is NULL
R13={method} {0x000000005cc4cd20} 'nglGenBuffers' '(IJ)V' in 'org/lwjgl/opengl/GL15'
R14=0x000000000240ef80 is pointing into the stack for thread: 0x00000000004c3cf0
R15=0x00000000004c3cf0 is a thread


Registers:
RAX=0x000007feeeda33d0, RBX=0x000000005cc4cd18, RCX=0x0000000000000001, RDX=0x000000005c142a2c
RSP=0x000000000240eec8, RBP=0x000000000240ef50, RSI=0x00000000000006fc, RDI=0x0000000005b795bf
R8 =0x0000000000000001, R9 =0x000000005c142a2c, R10=0x0000000000000000, R11=0x00000000c6a4f228
R12=0x0000000000000000, R13=0x000000005cc4cd18, R14=0x000000000240ef80, R15=0x00000000004c3cf0
RIP=0x000007feed951f1d, EFLAGS=0x0000000000010287

Top of Stack: (sp=0x000000000240eec8)
0x000000000240eec8:   0000000005b7db0d 0000000005b795bf
0x000000000240eed8:   0000000005b7d82f 000000005cc4cd18
0x000000000240eee8:   00000000000006fc 0000000000000000
0x000000000240eef8:   000000000240ef10 0000000005b7d7d6
0x000000000240ef08:   000000000240ef08 000000005cc4cd18
0x000000000240ef18:   000000000240ef80 000000005cc50970
0x000000000240ef28:   0000000000000000 00000000c6a4f228
0x000000000240ef38:   000000005cc4cd18 0000000000000000
0x000000000240ef48:   000000000240ef70 000000000240efd0
0x000000000240ef58:   0000000005b794f0 00000000c6a4f228
0x000000000240ef68:   0000000005b7b238 000000005c142a2c
0x000000000240ef78:   0000000000000000 0000000000000001
0x000000000240ef88:   000000000240ef88 000000005cc4ce6c
0x000000000240ef98:   000000000240f000 000000005cc50970
0x000000000240efa8:   0000000000000000 00000000c6a4f228
0x000000000240efb8:   000000005cc4ced0 000000000240ef70 

Instructions: (pc=0x000007feed951f1d)
0x000007feed951e1d:   28 cb 48 8b 48 18 48 ff a1 18 42 00 00 cc cc cc
0x000007feed951e2d:   cc cc cc 48 8b 01 0f 28 c2 f2 0f 10 54 24 28 0f
0x000007feed951e3d:   28 cb 48 8b 48 18 48 ff a1 f8 41 00 00 cc cc cc
0x000007feed951e4d:   cc cc cc 48 8b 01 49 8b c8 48 8b 50 18 48 ff a2
0x000007feed951e5d:   48 42 00 00 cc cc cc cc cc cc cc cc cc cc cc cc
0x000007feed951e6d:   cc cc cc 48 8b 01 49 8b c8 48 8b 50 18 48 ff a2
0x000007feed951e7d:   68 42 00 00 cc cc cc cc cc cc cc cc cc cc cc cc
0x000007feed951e8d:   cc cc cc 48 8b 01 49 8b c8 48 8b 50 18 48 ff a2
0x000007feed951e9d:   28 42 00 00 cc cc cc cc cc cc cc cc cc cc cc cc
0x000007feed951ead:   cc cc cc 48 8b 01 49 8b c8 48 8b 50 18 48 ff a2
0x000007feed951ebd:   08 42 00 00 cc cc cc cc cc cc cc cc cc cc cc cc
0x000007feed951ecd:   cc cc cc 48 8b 01 41 8b d1 41 8b c8 4c 8b 50 18
0x000007feed951edd:   49 ff a2 d8 00 00 00 cc cc cc cc cc cc cc cc cc
0x000007feed951eed:   cc cc cc 48 8b 01 49 8b d1 41 8b c8 4c 8b 50 18
0x000007feed951efd:   49 ff a2 20 09 00 00 cc cc cc cc cc cc cc cc cc
0x000007feed951f0d:   cc cc cc 48 8b 01 49 8b d1 41 8b c8 4c 8b 50 18
0x000007feed951f1d:   49 ff a2 88 0e 00 00 cc cc cc cc cc cc cc cc cc
0x000007feed951f2d:   cc cc cc 48 8b 01 48 8b 48 18 48 8b 81 b0 1a 00
0x000007feed951f3d:   00 41 8b c8 48 ff e0 cc cc cc cc cc cc cc cc cc
0x000007feed951f4d:   cc cc cc 40 53 48 8b 01 41 8b d8 4c 8b 44 24 30
0x000007feed951f5d:   49 8b d1 44 8b 4c 24 38 8b cb 4c 8b 50 18 5b 49
0x000007feed951f6d:   ff a2 d8 02 00 00 cc cc cc cc cc cc cc cc cc cc
0x000007feed951f7d:   cc cc cc 40 53 48 8b 01 41 8b d8 4c 8b 44 24 30
0x000007feed951f8d:   49 8b d1 4c 8b 4c 24 38 8b cb 4c 8b 50 18 5b 49
0x000007feed951f9d:   ff a2 f8 02 00 00 cc cc cc cc cc cc cc cc cc cc
0x000007feed951fad:   cc cc cc 40 53 48 8b 01 41 8b d8 4c 8b 44 24 30
0x000007feed951fbd:   49 8b d1 4c 8b 4c 24 38 8b cb 4c 8b 50 18 5b 49
0x000007feed951fcd:   ff a2 18 10 00 00 cc cc cc cc cc cc cc cc cc cc
0x000007feed951fdd:   cc cc cc 48 8b 01 41 8b d1 48 8b 48 18 48 8b 81
0x000007feed951fed:   10 1d 00 00 41 8b c8 48 ff e0 cc cc cc cc cc cc
0x000007feed951ffd:   cc cc cc 48 8b 01 48 8b 48 18 48 8b 81 a8 38 00
0x000007feed95200d:   00 41 8b c8 48 ff e0 cc cc cc cc cc cc cc cc cc 


Stack slot to memory mapping:
stack at sp + 0 slots: 0x0000000005b7db0d is at code_begin+1005 in an Interpreter codelet
method entry point (kind = native)  [0x0000000005b7d720, 0x0000000005b7e0c0]  2464 bytes
stack at sp + 1 slots: 0x0000000005b795bf is at code_begin+1311 in an Interpreter codelet
return entry points  [0x0000000005b790a0, 0x0000000005b79b80]  2784 bytes
stack at sp + 2 slots: 0x0000000005b7d82f is at code_begin+271 in an Interpreter codelet
method entry point (kind = native)  [0x0000000005b7d720, 0x0000000005b7e0c0]  2464 bytes
stack at sp + 3 slots: {method} {0x000000005cc4cd20} 'nglGenBuffers' '(IJ)V' in 'org/lwjgl/opengl/GL15'
stack at sp + 4 slots: 0x00000000000006fc is an unknown value
stack at sp + 5 slots: 0x0 is NULL
stack at sp + 6 slots: 0x000000000240ef10 is pointing into the stack for thread: 0x00000000004c3cf0
stack at sp + 7 slots: 0x0000000005b7d7d6 is at code_begin+182 in an Interpreter codelet
method entry point (kind = native)  [0x0000000005b7d720, 0x0000000005b7e0c0]  2464 bytes


---------------  P R O C E S S  ---------------

Threads class SMR info:
_java_thread_list=0x000000005bdd6a00, length=12, elements={
0x00000000004c3cf0, 0x000000005a4bdf10, 0x000000005a4bece0, 0x000000005a4f5b90,
0x000000005a4f88c0, 0x000000005a4f95f0, 0x000000005a506b80, 0x000000005a508960,
0x000000005a50ab80, 0x000000005a51fcf0, 0x000000005bdcd910, 0x000000005bde2120
}

Java Threads: ( => current thread )
=>0x00000000004c3cf0 JavaThread "main" [_thread_in_native, id=5172, stack(0x0000000002310000,0x0000000002410000)]
  0x000000005a4bdf10 JavaThread "Reference Handler" daemon [_thread_blocked, id=4452, stack(0x000000005b0f0000,0x000000005b1f0000)]
  0x000000005a4bece0 JavaThread "Finalizer" daemon [_thread_blocked, id=5848, stack(0x000000001a120000,0x000000001a220000)]
  0x000000005a4f5b90 JavaThread "Signal Dispatcher" daemon [_thread_blocked, id=5876, stack(0x000000005b340000,0x000000005b440000)]
  0x000000005a4f88c0 JavaThread "Attach Listener" daemon [_thread_blocked, id=3748, stack(0x000000005b5b0000,0x000000005b6b0000)]
  0x000000005a4f95f0 JavaThread "Service Thread" daemon [_thread_blocked, id=4964, stack(0x000000005b4b0000,0x000000005b5b0000)]
  0x000000005a506b80 JavaThread "Monitor Deflation Thread" daemon [_thread_blocked, id=4568, stack(0x000000005b240000,0x000000005b340000)]
  0x000000005a508960 JavaThread "C2 CompilerThread0" daemon [_thread_blocked, id=4044, stack(0x000000005b7e0000,0x000000005b8e0000)]
  0x000000005a50ab80 JavaThread "C1 CompilerThread0" daemon [_thread_blocked, id=4884, stack(0x000000005ba50000,0x000000005bb50000)]
  0x000000005a51fcf0 JavaThread "Sweeper thread" daemon [_thread_blocked, id=5080, stack(0x000000005bc50000,0x000000005bd50000)]
  0x000000005bdcd910 JavaThread "Notification Thread" daemon [_thread_blocked, id=4684, stack(0x000000005b6e0000,0x000000005b7e0000)]
  0x000000005bde2120 JavaThread "Common-Cleaner" daemon [_thread_blocked, id=6004, stack(0x000000005b8e0000,0x000000005b9e0000)]

Other Threads:
  0x0000000019f2fbd0 VMThread "VM Thread" [stack: 0x000000005a630000,0x000000005a730000] [id=1984]
  0x000000005bdd7e30 WatcherThread [stack: 0x000000005c180000,0x000000005c280000] [id=5552]
  0x00000000004f7170 GCTaskThread "GC Thread#0" [stack: 0x0000000017680000,0x0000000017780000] [id=712]
  0x0000000000500740 ConcurrentGCThread "G1 Main Marker" [stack: 0x00000000178a0000,0x00000000179a0000] [id=4664]
  0x00000000005050c0 ConcurrentGCThread "G1 Conc#0" [stack: 0x0000000017b10000,0x0000000017c10000] [id=5924]
  0x0000000000546280 ConcurrentGCThread "G1 Refine#0" [stack: 0x0000000019fe0000,0x000000001a0e0000] [id=3328]
  0x0000000000546c10 ConcurrentGCThread "G1 Service" [stack: 0x000000001a2a0000,0x000000001a3a0000] [id=2740]

Threads with active compile tasks:

VM state: not at safepoint (normal execution)

VM Mutex/Monitor currently owned by a thread: None

Heap address: 0x00000000c3200000, size: 974 MB, Compressed Oops mode: 32-bit

CDS disabled.
Compressed class space mapped at: 0x000000001a400000-0x000000005a400000, reserved size: 1073741824
Narrow klass base: 0x0000000000000000, Narrow klass shift: 0, Narrow klass range: 0x5a400000

GC Precious Log:
 CPUs: 4 total, 4 available
 Memory: 3893M
 Large Page Support: Disabled
 NUMA Support: Disabled
 Compressed Oops: Enabled (32-bit)
 Heap Region Size: 1M
 Heap Min Capacity: 8M
 Heap Initial Capacity: 62M
 Heap Max Capacity: 974M
 Pre-touch: Disabled
 Parallel Workers: 4
 Concurrent Workers: 1
 Concurrent Refinement Workers: 4
 Periodic GC: Disabled

Heap:
 garbage-first heap   total 63488K, used 5120K [0x00000000c3200000, 0x0000000100000000)
  region size 1024K, 6 young (6144K), 0 survivors (0K)
 Metaspace       used 9283K, committed 9472K, reserved 1064960K
  class space    used 790K, committed 896K, reserved 1048576K

Heap Regions: E=young(eden), S=young(survivor), O=old, HS=humongous(starts), HC=humongous(continues), CS=collection set, F=free, OA=open archive, CA=closed archive, TAMS=top-at-mark-start (previous, next)
|   0|0x00000000c3200000, 0x00000000c3200000, 0x00000000c3300000|  0%| F|  |TAMS 0x00000000c3200000, 0x00000000c3200000| Untracked 
|   1|0x00000000c3300000, 0x00000000c3300000, 0x00000000c3400000|  0%| F|  |TAMS 0x00000000c3300000, 0x00000000c3300000| Untracked 
|   2|0x00000000c3400000, 0x00000000c3400000, 0x00000000c3500000|  0%| F|  |TAMS 0x00000000c3400000, 0x00000000c3400000| Untracked 
|   3|0x00000000c3500000, 0x00000000c3500000, 0x00000000c3600000|  0%| F|  |TAMS 0x00000000c3500000, 0x00000000c3500000| Untracked 
|   4|0x00000000c3600000, 0x00000000c3600000, 0x00000000c3700000|  0%| F|  |TAMS 0x00000000c3600000, 0x00000000c3600000| Untracked 
|   5|0x00000000c3700000, 0x00000000c3700000, 0x00000000c3800000|  0%| F|  |TAMS 0x00000000c3700000, 0x00000000c3700000| Untracked 
|   6|0x00000000c3800000, 0x00000000c3800000, 0x00000000c3900000|  0%| F|  |TAMS 0x00000000c3800000, 0x00000000c3800000| Untracked 
|   7|0x00000000c3900000, 0x00000000c3900000, 0x00000000c3a00000|  0%| F|  |TAMS 0x00000000c3900000, 0x00000000c3900000| Untracked 
|   8|0x00000000c3a00000, 0x00000000c3a00000, 0x00000000c3b00000|  0%| F|  |TAMS 0x00000000c3a00000, 0x00000000c3a00000| Untracked 
|   9|0x00000000c3b00000, 0x00000000c3b00000, 0x00000000c3c00000|  0%| F|  |TAMS 0x00000000c3b00000, 0x00000000c3b00000| Untracked 
|  10|0x00000000c3c00000, 0x00000000c3c00000, 0x00000000c3d00000|  0%| F|  |TAMS 0x00000000c3c00000, 0x00000000c3c00000| Untracked 
|  11|0x00000000c3d00000, 0x00000000c3d00000, 0x00000000c3e00000|  0%| F|  |TAMS 0x00000000c3d00000, 0x00000000c3d00000| Untracked 
|  12|0x00000000c3e00000, 0x00000000c3e00000, 0x00000000c3f00000|  0%| F|  |TAMS 0x00000000c3e00000, 0x00000000c3e00000| Untracked 
|  13|0x00000000c3f00000, 0x00000000c3f00000, 0x00000000c4000000|  0%| F|  |TAMS 0x00000000c3f00000, 0x00000000c3f00000| Untracked 
|  14|0x00000000c4000000, 0x00000000c4000000, 0x00000000c4100000|  0%| F|  |TAMS 0x00000000c4000000, 0x00000000c4000000| Untracked 
|  15|0x00000000c4100000, 0x00000000c4100000, 0x00000000c4200000|  0%| F|  |TAMS 0x00000000c4100000, 0x00000000c4100000| Untracked 
|  16|0x00000000c4200000, 0x00000000c4200000, 0x00000000c4300000|  0%| F|  |TAMS 0x00000000c4200000, 0x00000000c4200000| Untracked 
|  17|0x00000000c4300000, 0x00000000c4300000, 0x00000000c4400000|  0%| F|  |TAMS 0x00000000c4300000, 0x00000000c4300000| Untracked 
|  18|0x00000000c4400000, 0x00000000c4400000, 0x00000000c4500000|  0%| F|  |TAMS 0x00000000c4400000, 0x00000000c4400000| Untracked 
|  19|0x00000000c4500000, 0x00000000c4500000, 0x00000000c4600000|  0%| F|  |TAMS 0x00000000c4500000, 0x00000000c4500000| Untracked 
|  20|0x00000000c4600000, 0x00000000c4600000, 0x00000000c4700000|  0%| F|  |TAMS 0x00000000c4600000, 0x00000000c4600000| Untracked 
|  21|0x00000000c4700000, 0x00000000c4700000, 0x00000000c4800000|  0%| F|  |TAMS 0x00000000c4700000, 0x00000000c4700000| Untracked 
|  22|0x00000000c4800000, 0x00000000c4800000, 0x00000000c4900000|  0%| F|  |TAMS 0x00000000c4800000, 0x00000000c4800000| Untracked 
|  23|0x00000000c4900000, 0x00000000c4900000, 0x00000000c4a00000|  0%| F|  |TAMS 0x00000000c4900000, 0x00000000c4900000| Untracked 
|  24|0x00000000c4a00000, 0x00000000c4a00000, 0x00000000c4b00000|  0%| F|  |TAMS 0x00000000c4a00000, 0x00000000c4a00000| Untracked 
|  25|0x00000000c4b00000, 0x00000000c4b00000, 0x00000000c4c00000|  0%| F|  |TAMS 0x00000000c4b00000, 0x00000000c4b00000| Untracked 
|  26|0x00000000c4c00000, 0x00000000c4c00000, 0x00000000c4d00000|  0%| F|  |TAMS 0x00000000c4c00000, 0x00000000c4c00000| Untracked 
|  27|0x00000000c4d00000, 0x00000000c4d00000, 0x00000000c4e00000|  0%| F|  |TAMS 0x00000000c4d00000, 0x00000000c4d00000| Untracked 
|  28|0x00000000c4e00000, 0x00000000c4e00000, 0x00000000c4f00000|  0%| F|  |TAMS 0x00000000c4e00000, 0x00000000c4e00000| Untracked 
|  29|0x00000000c4f00000, 0x00000000c4f00000, 0x00000000c5000000|  0%| F|  |TAMS 0x00000000c4f00000, 0x00000000c4f00000| Untracked 
|  30|0x00000000c5000000, 0x00000000c5000000, 0x00000000c5100000|  0%| F|  |TAMS 0x00000000c5000000, 0x00000000c5000000| Untracked 
|  31|0x00000000c5100000, 0x00000000c5100000, 0x00000000c5200000|  0%| F|  |TAMS 0x00000000c5100000, 0x00000000c5100000| Untracked 
|  32|0x00000000c5200000, 0x00000000c5200000, 0x00000000c5300000|  0%| F|  |TAMS 0x00000000c5200000, 0x00000000c5200000| Untracked 
|  33|0x00000000c5300000, 0x00000000c5300000, 0x00000000c5400000|  0%| F|  |TAMS 0x00000000c5300000, 0x00000000c5300000| Untracked 
|  34|0x00000000c5400000, 0x00000000c5400000, 0x00000000c5500000|  0%| F|  |TAMS 0x00000000c5400000, 0x00000000c5400000| Untracked 
|  35|0x00000000c5500000, 0x00000000c5500000, 0x00000000c5600000|  0%| F|  |TAMS 0x00000000c5500000, 0x00000000c5500000| Untracked 
|  36|0x00000000c5600000, 0x00000000c5600000, 0x00000000c5700000|  0%| F|  |TAMS 0x00000000c5600000, 0x00000000c5600000| Untracked 
|  37|0x00000000c5700000, 0x00000000c5700000, 0x00000000c5800000|  0%| F|  |TAMS 0x00000000c5700000, 0x00000000c5700000| Untracked 
|  38|0x00000000c5800000, 0x00000000c5800000, 0x00000000c5900000|  0%| F|  |TAMS 0x00000000c5800000, 0x00000000c5800000| Untracked 
|  39|0x00000000c5900000, 0x00000000c5900000, 0x00000000c5a00000|  0%| F|  |TAMS 0x00000000c5900000, 0x00000000c5900000| Untracked 
|  40|0x00000000c5a00000, 0x00000000c5a00000, 0x00000000c5b00000|  0%| F|  |TAMS 0x00000000c5a00000, 0x00000000c5a00000| Untracked 
|  41|0x00000000c5b00000, 0x00000000c5b00000, 0x00000000c5c00000|  0%| F|  |TAMS 0x00000000c5b00000, 0x00000000c5b00000| Untracked 
|  42|0x00000000c5c00000, 0x00000000c5c00000, 0x00000000c5d00000|  0%| F|  |TAMS 0x00000000c5c00000, 0x00000000c5c00000| Untracked 
|  43|0x00000000c5d00000, 0x00000000c5d00000, 0x00000000c5e00000|  0%| F|  |TAMS 0x00000000c5d00000, 0x00000000c5d00000| Untracked 
|  44|0x00000000c5e00000, 0x00000000c5e00000, 0x00000000c5f00000|  0%| F|  |TAMS 0x00000000c5e00000, 0x00000000c5e00000| Untracked 
|  45|0x00000000c5f00000, 0x00000000c5f00000, 0x00000000c6000000|  0%| F|  |TAMS 0x00000000c5f00000, 0x00000000c5f00000| Untracked 
|  46|0x00000000c6000000, 0x00000000c6000000, 0x00000000c6100000|  0%| F|  |TAMS 0x00000000c6000000, 0x00000000c6000000| Untracked 
|  47|0x00000000c6100000, 0x00000000c6100000, 0x00000000c6200000|  0%| F|  |TAMS 0x00000000c6100000, 0x00000000c6100000| Untracked 
|  48|0x00000000c6200000, 0x00000000c6200000, 0x00000000c6300000|  0%| F|  |TAMS 0x00000000c6200000, 0x00000000c6200000| Untracked 
|  49|0x00000000c6300000, 0x00000000c6300000, 0x00000000c6400000|  0%| F|  |TAMS 0x00000000c6300000, 0x00000000c6300000| Untracked 
|  50|0x00000000c6400000, 0x00000000c6400000, 0x00000000c6500000|  0%| F|  |TAMS 0x00000000c6400000, 0x00000000c6400000| Untracked 
|  51|0x00000000c6500000, 0x00000000c6500000, 0x00000000c6600000|  0%| F|  |TAMS 0x00000000c6500000, 0x00000000c6500000| Untracked 
|  52|0x00000000c6600000, 0x00000000c6600000, 0x00000000c6700000|  0%| F|  |TAMS 0x00000000c6600000, 0x00000000c6600000| Untracked 
|  53|0x00000000c6700000, 0x00000000c6700000, 0x00000000c6800000|  0%| F|  |TAMS 0x00000000c6700000, 0x00000000c6700000| Untracked 
|  54|0x00000000c6800000, 0x00000000c6800000, 0x00000000c6900000|  0%| F|  |TAMS 0x00000000c6800000, 0x00000000c6800000| Untracked 
|  55|0x00000000c6900000, 0x00000000c6900000, 0x00000000c6a00000|  0%| F|  |TAMS 0x00000000c6900000, 0x00000000c6900000| Untracked 
|  56|0x00000000c6a00000, 0x00000000c6acda88, 0x00000000c6b00000| 80%| E|  |TAMS 0x00000000c6a00000, 0x00000000c6a00000| Complete 
|  57|0x00000000c6b00000, 0x00000000c6c00000, 0x00000000c6c00000|100%| E|CS|TAMS 0x00000000c6b00000, 0x00000000c6b00000| Complete 
|  58|0x00000000c6c00000, 0x00000000c6d00000, 0x00000000c6d00000|100%| E|CS|TAMS 0x00000000c6c00000, 0x00000000c6c00000| Complete 
|  59|0x00000000c6d00000, 0x00000000c6e00000, 0x00000000c6e00000|100%| E|CS|TAMS 0x00000000c6d00000, 0x00000000c6d00000| Complete 
|  60|0x00000000c6e00000, 0x00000000c6f00000, 0x00000000c6f00000|100%| E|CS|TAMS 0x00000000c6e00000, 0x00000000c6e00000| Complete 
|  61|0x00000000c6f00000, 0x00000000c7000000, 0x00000000c7000000|100%| E|CS|TAMS 0x00000000c6f00000, 0x00000000c6f00000| Complete 

Card table byte_map: [0x0000000015380000,0x0000000015570000] _byte_map_base: 0x0000000014d67000

Marking Bits (Prev, Next): (CMBitMap*) 0x00000000004f7770, (CMBitMap*) 0x00000000004f77b0
 Prev Bits: [0x0000000015760000, 0x0000000016698000)
 Next Bits: [0x00000000166a0000, 0x00000000175d8000)

Polling page: 0x0000000000120000

Metaspace:

Usage:
  Non-class:      8.29 MB used.
      Class:    790.79 KB used.
       Both:      9.07 MB used.

Virtual space:
  Non-class space:       16.00 MB reserved,       8.38 MB ( 52%) committed,  2 nodes.
      Class space:        1.00 GB reserved,     896.00 KB ( <1%) committed,  1 nodes.
              Both:        1.02 GB reserved,       9.25 MB ( <1%) committed. 

Chunk freelists:
   Non-Class:  3.64 MB
       Class:  3.17 MB
        Both:  6.81 MB

MaxMetaspaceSize: 17179869184.00 GB
CompressedClassSpaceSize: 1.00 GB
 - commit_granule_bytes: 65536.
 - commit_granule_words: 8192.
 - virtual_space_node_default_size: 1048576.
 - enlarge_chunks_in_place: 1.
 - new_chunks_are_fully_committed: 0.
 - uncommit_free_chunks: 1.
 - use_allocation_guard: 0.
 - handle_deallocations: 1.


Internal statistics:

num_allocs_failed_limit: 0.
num_arena_births: 42.
num_arena_deaths: 0.
num_vsnodes_births: 3.
num_vsnodes_deaths: 0.
num_space_committed: 148.
num_space_uncommitted: 0.
num_chunks_returned_to_freelist: 0.
num_chunks_taken_from_freelist: 106.
num_chunk_merges: 0.
num_chunk_splits: 59.
num_chunks_enlarged: 38.
num_purges: 0.

CodeHeap 'non-profiled nmethods': size=120000Kb used=175Kb max_used=175Kb free=119824Kb
 bounds [0x000000000d640000, 0x000000000d8b0000, 0x0000000014b70000]
CodeHeap 'profiled nmethods': size=120000Kb used=873Kb max_used=873Kb free=119127Kb
 bounds [0x0000000006110000, 0x0000000006380000, 0x000000000d640000]
CodeHeap 'non-nmethods': size=5760Kb used=1397Kb max_used=1412Kb free=4362Kb
 bounds [0x0000000005b70000, 0x0000000005de0000, 0x0000000006110000]
 total_blobs=1333 nmethods=569 adapters=678
 compilation: enabled
              stopped_count=0, restarted_count=0
 full_count=0

Compilation events (20 events):
Event: 1.254 Thread 0x000000005a50ab80 nmethod 557 0x00000000061e5990 code [0x00000000061e5b60, 0x00000000061e5f78]
Event: 1.254 Thread 0x000000005a50ab80  564   !   3       java.util.zip.InflaterInputStream::read (138 bytes)
Event: 1.255 Thread 0x000000005a50ab80 nmethod 564 0x00000000061e6110 code [0x00000000061e63c0, 0x00000000061e7078]
Event: 1.255 Thread 0x000000005a50ab80  558       3       java.util.regex.CharPredicates::lambda$ASCII_WORD$19 (20 bytes)
Event: 1.256 Thread 0x000000005a50ab80 nmethod 558 0x00000000061e7610 code [0x00000000061e77e0, 0x00000000061e7b58]
Event: 1.256 Thread 0x000000005a50ab80  559       3       java.util.regex.ASCII::isWord (7 bytes)
Event: 1.257 Thread 0x000000005a50ab80 nmethod 559 0x00000000061e7c90 code [0x00000000061e7e40, 0x00000000061e80d8]
Event: 1.257 Thread 0x000000005a50ab80  560       3       java.util.regex.ASCII::isType (15 bytes)
Event: 1.257 Thread 0x000000005a50ab80 nmethod 560 0x00000000061e8210 code [0x00000000061e83c0, 0x00000000061e85f8]
Event: 1.257 Thread 0x000000005a50ab80  561       3       java.util.regex.ASCII::getType (17 bytes)
Event: 1.257 Thread 0x000000005a50ab80 nmethod 561 0x00000000061e8710 code [0x00000000061e88c0, 0x00000000061e8a58]
Event: 1.258 Thread 0x000000005a50ab80  565       3       jdk.internal.jimage.ImageStringsReader::get (9 bytes)
Event: 1.258 Thread 0x000000005a50ab80 nmethod 565 0x00000000061e8b10 code [0x00000000061e8cc0, 0x00000000061e8e88]
Event: 1.262 Thread 0x000000005a508960  566       4       java.util.Arrays::copyOfRange (64 bytes)
Event: 1.262 Thread 0x000000005a50ab80  567       3       java.util.jar.JarFile::getEntry (35 bytes)
Event: 1.263 Thread 0x000000005a50ab80 nmethod 567 0x00000000061e8f90 code [0x00000000061e9180, 0x00000000061e95f8]
Event: 1.264 Thread 0x000000005a50ab80  568   !   3       jdk.internal.loader.URLClassPath$JarLoader::ensureOpen (36 bytes)
Event: 1.264 Thread 0x000000005a50ab80 nmethod 568 0x00000000061e9790 code [0x00000000061e9960, 0x00000000061e9d78]
Event: 1.264 Thread 0x000000005a50ab80  569       3       java.util.jar.JarFile::getJarEntry (9 bytes)
Event: 1.265 Thread 0x000000005a50ab80 nmethod 569 0x00000000061e9f10 code [0x00000000061ea0c0, 0x00000000061ea368]

GC Heap History (0 events):
No events

Deoptimization events (20 events):
Event: 0.953 Thread 0x00000000004c3cf0 DEOPT PACKING pc=0x00000000061812ac sp=0x000000000240df80
Event: 0.953 Thread 0x00000000004c3cf0 DEOPT UNPACKING pc=0x0000000005bbdeaf sp=0x000000000240d3f8 mode 0
Event: 1.204 Thread 0x00000000004c3cf0 DEOPT PACKING pc=0x00000000061b987a sp=0x000000000240ee50
Event: 1.204 Thread 0x00000000004c3cf0 DEOPT UNPACKING pc=0x0000000005bbdeaf sp=0x000000000240e2d8 mode 0
Event: 1.204 Thread 0x00000000004c3cf0 DEOPT PACKING pc=0x00000000061b987a sp=0x000000000240ee40
Event: 1.204 Thread 0x00000000004c3cf0 DEOPT UNPACKING pc=0x0000000005bbdeaf sp=0x000000000240e2c8 mode 0
Event: 1.205 Thread 0x00000000004c3cf0 DEOPT PACKING pc=0x00000000061b987a sp=0x000000000240ee50
Event: 1.205 Thread 0x00000000004c3cf0 DEOPT UNPACKING pc=0x0000000005bbdeaf sp=0x000000000240e2d8 mode 0
Event: 1.206 Thread 0x00000000004c3cf0 DEOPT PACKING pc=0x00000000061b987a sp=0x000000000240ee40
Event: 1.206 Thread 0x00000000004c3cf0 DEOPT UNPACKING pc=0x0000000005bbdeaf sp=0x000000000240e2c8 mode 0
Event: 1.206 Thread 0x00000000004c3cf0 DEOPT PACKING pc=0x00000000061b987a sp=0x000000000240ee50
Event: 1.206 Thread 0x00000000004c3cf0 DEOPT UNPACKING pc=0x0000000005bbdeaf sp=0x000000000240e2d8 mode 0
Event: 1.206 Thread 0x00000000004c3cf0 DEOPT PACKING pc=0x00000000061b987a sp=0x000000000240ee50
Event: 1.207 Thread 0x00000000004c3cf0 DEOPT UNPACKING pc=0x0000000005bbdeaf sp=0x000000000240e2d8 mode 0
Event: 1.207 Thread 0x00000000004c3cf0 DEOPT PACKING pc=0x00000000061b987a sp=0x000000000240ee50
Event: 1.207 Thread 0x00000000004c3cf0 DEOPT UNPACKING pc=0x0000000005bbdeaf sp=0x000000000240e2d8 mode 0
Event: 1.207 Thread 0x00000000004c3cf0 DEOPT PACKING pc=0x00000000061b987a sp=0x000000000240ee50
Event: 1.207 Thread 0x00000000004c3cf0 DEOPT UNPACKING pc=0x0000000005bbdeaf sp=0x000000000240e2d8 mode 0
Event: 1.208 Thread 0x00000000004c3cf0 DEOPT PACKING pc=0x00000000061b987a sp=0x000000000240ee50
Event: 1.208 Thread 0x00000000004c3cf0 DEOPT UNPACKING pc=0x0000000005bbdeaf sp=0x000000000240e2d8 mode 0

Classes unloaded (0 events):
No events

Classes redefined (0 events):
No events

Internal exceptions (9 events):
Event: 0.563 Thread 0x00000000004c3cf0 Exception <a 'java/lang/NoSuchMethodError'{0x00000000c6eebfc0}: 'void java.lang.invoke.DirectMethodHandle$Holder.invokeStatic(java.lang.Object, java.lang.Object)'> (0x00000000c6eebfc0) 
thrown [t:\workspace\open\src\hotspot\share\interpreter\linkResolver.cpp, line 790]
Event: 0.567 Thread 0x00000000004c3cf0 Exception <a 'java/lang/NoSuchMethodError'{0x00000000c6ef1ae8}: 'void java.lang.invoke.DirectMethodHandle$Holder.invokeSpecial(java.lang.Object, java.lang.Object, java.lang.Object)'> (0x00000000c6ef1ae8) 
thrown [t:\workspace\open\src\hotspot\share\interpreter\linkResolver.cpp, line 790]
Event: 0.578 Thread 0x00000000004c3cf0 Exception <a 'java/lang/NoSuchMethodError'{0x00000000c6d06cd0}: 'java.lang.Object java.lang.invoke.DirectMethodHandle$Holder.invokeStatic(java.lang.Object, java.lang.Object, int)'> (0x00000000c6d06cd0) 
thrown [t:\workspace\open\src\hotspot\share\interpreter\linkResolver.cpp, line 790]
Event: 0.582 Thread 0x00000000004c3cf0 Exception <a 'java/lang/NoSuchMethodError'{0x00000000c6d12e78}: 'void java.lang.invoke.DelegatingMethodHandle$Holder.delegate(java.lang.Object, java.lang.Object, int, java.lang.Object)'> (0x00000000c6d12e78) 
thrown [t:\workspace\open\src\hotspot\share\interpreter\linkResolver.cpp, line 790]
Event: 0.584 Thread 0x00000000004c3cf0 Exception <a 'java/lang/NoSuchMethodError'{0x00000000c6d171d0}: 'int java.lang.invoke.DirectMethodHandle$Holder.invokeSpecial(java.lang.Object, java.lang.Object, java.lang.Object)'> (0x00000000c6d171d0) 
thrown [t:\workspace\open\src\hotspot\share\interpreter\linkResolver.cpp, line 790]
Event: 0.899 Thread 0x00000000004c3cf0 Exception <a 'java/lang/NoSuchMethodError'{0x00000000c6cb2990}: 'java.lang.Object java.lang.invoke.DirectMethodHandle$Holder.invokeStatic(java.lang.Object)'> (0x00000000c6cb2990) 
thrown [t:\workspace\open\src\hotspot\share\interpreter\linkResolver.cpp, line 790]
Event: 0.901 Thread 0x00000000004c3cf0 Exception <a 'java/lang/NoSuchMethodError'{0x00000000c6cb6000}: 'java.lang.Object java.lang.invoke.DirectMethodHandle$Holder.invokeStaticInit(java.lang.Object)'> (0x00000000c6cb6000) 
thrown [t:\workspace\open\src\hotspot\share\interpreter\linkResolver.cpp, line 790]
Event: 1.256 Thread 0x00000000004c3cf0 Exception <a 'sun/nio/fs/WindowsException'{0x00000000c6a86b80}> (0x00000000c6a86b80) 
thrown [t:\workspace\open\src\hotspot\share\prims\jni.cpp, line 579]
Event: 1.260 Thread 0x00000000004c3cf0 Exception <a 'sun/nio/fs/WindowsException'{0x00000000c6a87080}> (0x00000000c6a87080) 
thrown [t:\workspace\open\src\hotspot\share\prims\jni.cpp, line 579]

Events (20 events):
Event: 1.001 loading class java/nio/BufferUnderflowException done
Event: 1.028 loading class java/util/function/BiPredicate
Event: 1.028 loading class java/util/function/BiPredicate done
Event: 1.032 loading class jdk/internal/reflect/UnsafeQualifiedStaticIntegerFieldAccessorImpl
Event: 1.032 loading class jdk/internal/reflect/UnsafeQualifiedStaticIntegerFieldAccessorImpl done
Event: 1.117 loading class java/io/FileReader
Event: 1.117 loading class java/io/FileReader done
Event: 1.125 loading class java/util/ArrayList$SubList
Event: 1.126 loading class java/util/ArrayList$SubList done
Event: 1.241 Loaded shared library C:\Users\Hay Info\AppData\Local\Temp\lwjglHay Info\3.1.2-build-29\lwjgl_opengl.dll
Event: 1.255 loading class sun/nio/fs/WindowsException
Event: 1.256 loading class sun/nio/fs/WindowsException done
Event: 1.256 loading class sun/nio/fs/WindowsDirectoryStream
Event: 1.256 loading class java/nio/file/DirectoryStream
Event: 1.256 loading class java/nio/file/DirectoryStream done
Event: 1.256 loading class sun/nio/fs/WindowsDirectoryStream done
Event: 1.260 loading class java/nio/file/NoSuchFileException
Event: 1.261 loading class java/nio/file/FileSystemException
Event: 1.261 loading class java/nio/file/FileSystemException done
Event: 1.261 loading class java/nio/file/NoSuchFileException done


Dynamic libraries:
0x000000013f130000 - 0x000000013f13e000 	C:\Users\Hay Info\.p2\pool\plugins\org.eclipse.justj.openjdk.hotspot.jre.full.win32.x86_64_16.0.1.v20210528-1205\jre\bin\javaw.exe
0x0000000076e10000 - 0x0000000076fb9000 	C:\Windows\SYSTEM32\ntdll.dll
0x0000000076bf0000 - 0x0000000076d0f000 	C:\Windows\system32\kernel32.dll
0x000007fefcf50000 - 0x000007fefcfbc000 	C:\Windows\system32\KERNELBASE.dll
0x000007fef7fa0000 - 0x000007fef7fb8000 	C:\Users\Hay Info\.p2\pool\plugins\org.eclipse.justj.openjdk.hotspot.jre.full.win32.x86_64_16.0.1.v20210528-1205\jre\bin\jli.dll
0x000007fefb4a0000 - 0x000007fefb694000 	C:\Windows\WinSxS\amd64_microsoft.windows.common-controls_6595b64144ccf1df_6.0.7601.17514_none_fa396087175ac9ac\COMCTL32.dll
0x000007fefed60000 - 0x000007fefedff000 	C:\Windows\system32\msvcrt.dll
0x000007fefdd70000 - 0x000007fefddd7000 	C:\Windows\system32\GDI32.dll
0x0000000076d10000 - 0x0000000076e0a000 	C:\Windows\system32\USER32.dll
0x000007feff110000 - 0x000007feff11e000 	C:\Windows\system32\LPK.dll
0x000007fefdde0000 - 0x000007fefdea9000 	C:\Windows\system32\USP10.dll
0x000007fefda80000 - 0x000007fefdaf1000 	C:\Windows\system32\SHLWAPI.dll
0x000007fef7f40000 - 0x000007fef7f59000 	C:\Users\Hay Info\.p2\pool\plugins\org.eclipse.justj.openjdk.hotspot.jre.full.win32.x86_64_16.0.1.v20210528-1205\jre\bin\VCRUNTIME140.dll
0x000007fef7e50000 - 0x000007fef7e54000 	C:\Users\Hay Info\.p2\pool\plugins\org.eclipse.justj.openjdk.hotspot.jre.full.win32.x86_64_16.0.1.v20210528-1205\jre\bin\api-ms-win-crt-runtime-l1-1-0.dll
0x000007feef1b0000 - 0x000007feef2aa000 	C:\Users\Hay Info\.p2\pool\plugins\org.eclipse.justj.openjdk.hotspot.jre.full.win32.x86_64_16.0.1.v20210528-1205\jre\bin\ucrtbase.DLL
0x000007fef7ef0000 - 0x000007fef7ef3000 	C:\Users\Hay Info\.p2\pool\plugins\org.eclipse.justj.openjdk.hotspot.jre.full.win32.x86_64_16.0.1.v20210528-1205\jre\bin\api-ms-win-core-localization-l1-2-0.dll
0x000007fef34c0000 - 0x000007fef34c3000 	C:\Users\Hay Info\.p2\pool\plugins\org.eclipse.justj.openjdk.hotspot.jre.full.win32.x86_64_16.0.1.v20210528-1205\jre\bin\api-ms-win-core-processthreads-l1-1-1.dll
0x000007fef34d0000 - 0x000007fef34d3000 	C:\Users\Hay Info\.p2\pool\plugins\org.eclipse.justj.openjdk.hotspot.jre.full.win32.x86_64_16.0.1.v20210528-1205\jre\bin\api-ms-win-core-file-l1-2-0.dll
0x000007feefc80000 - 0x000007feefc83000 	C:\Users\Hay Info\.p2\pool\plugins\org.eclipse.justj.openjdk.hotspot.jre.full.win32.x86_64_16.0.1.v20210528-1205\jre\bin\api-ms-win-core-timezone-l1-1-0.dll
0x000007fef1fb0000 - 0x000007fef1fb3000 	C:\Users\Hay Info\.p2\pool\plugins\org.eclipse.justj.openjdk.hotspot.jre.full.win32.x86_64_16.0.1.v20210528-1205\jre\bin\api-ms-win-core-file-l2-1-0.dll
0x000007feefba0000 - 0x000007feefba3000 	C:\Users\Hay Info\.p2\pool\plugins\org.eclipse.justj.openjdk.hotspot.jre.full.win32.x86_64_16.0.1.v20210528-1205\jre\bin\api-ms-win-core-synch-l1-2-0.dll
0x000007feefc70000 - 0x000007feefc73000 	C:\Users\Hay Info\.p2\pool\plugins\org.eclipse.justj.openjdk.hotspot.jre.full.win32.x86_64_16.0.1.v20210528-1205\jre\bin\api-ms-win-crt-heap-l1-1-0.dll
0x000007feef390000 - 0x000007feef394000 	C:\Users\Hay Info\.p2\pool\plugins\org.eclipse.justj.openjdk.hotspot.jre.full.win32.x86_64_16.0.1.v20210528-1205\jre\bin\api-ms-win-crt-string-l1-1-0.dll
0x000007feef3a0000 - 0x000007feef3a4000 	C:\Users\Hay Info\.p2\pool\plugins\org.eclipse.justj.openjdk.hotspot.jre.full.win32.x86_64_16.0.1.v20210528-1205\jre\bin\api-ms-win-crt-stdio-l1-1-0.dll
0x000007feef370000 - 0x000007feef374000 	C:\Users\Hay Info\.p2\pool\plugins\org.eclipse.justj.openjdk.hotspot.jre.full.win32.x86_64_16.0.1.v20210528-1205\jre\bin\api-ms-win-crt-convert-l1-1-0.dll
0x000007feef380000 - 0x000007feef383000 	C:\Users\Hay Info\.p2\pool\plugins\org.eclipse.justj.openjdk.hotspot.jre.full.win32.x86_64_16.0.1.v20210528-1205\jre\bin\api-ms-win-crt-environment-l1-1-0.dll
0x000007feef350000 - 0x000007feef353000 	C:\Users\Hay Info\.p2\pool\plugins\org.eclipse.justj.openjdk.hotspot.jre.full.win32.x86_64_16.0.1.v20210528-1205\jre\bin\api-ms-win-crt-filesystem-l1-1-0.dll
0x000007feef360000 - 0x000007feef365000 	C:\Users\Hay Info\.p2\pool\plugins\org.eclipse.justj.openjdk.hotspot.jre.full.win32.x86_64_16.0.1.v20210528-1205\jre\bin\api-ms-win-crt-math-l1-1-0.dll
0x000007feef330000 - 0x000007feef333000 	C:\Users\Hay Info\.p2\pool\plugins\org.eclipse.justj.openjdk.hotspot.jre.full.win32.x86_64_16.0.1.v20210528-1205\jre\bin\api-ms-win-crt-locale-l1-1-0.dll
0x000007fefdf30000 - 0x000007fefdf5e000 	C:\Windows\system32\IMM32.DLL
0x000007fefd610000 - 0x000007fefd719000 	C:\Windows\system32\MSCTF.dll
0x000007fef7430000 - 0x000007fef743c000 	C:\Users\Hay Info\.p2\pool\plugins\org.eclipse.justj.openjdk.hotspot.jre.full.win32.x86_64_16.0.1.v20210528-1205\jre\bin\vcruntime140_1.dll
0x000007feeef60000 - 0x000007feeeff1000 	C:\Users\Hay Info\.p2\pool\plugins\org.eclipse.justj.openjdk.hotspot.jre.full.win32.x86_64_16.0.1.v20210528-1205\jre\bin\msvcp140.dll
0x000007feef340000 - 0x000007feef343000 	C:\Users\Hay Info\.p2\pool\plugins\org.eclipse.justj.openjdk.hotspot.jre.full.win32.x86_64_16.0.1.v20210528-1205\jre\bin\api-ms-win-crt-time-l1-1-0.dll
0x000007feef1a0000 - 0x000007feef1a3000 	C:\Users\Hay Info\.p2\pool\plugins\org.eclipse.justj.openjdk.hotspot.jre.full.win32.x86_64_16.0.1.v20210528-1205\jre\bin\api-ms-win-crt-utility-l1-1-0.dll
0x000007feee330000 - 0x000007feeeedb000 	C:\Users\Hay Info\.p2\pool\plugins\org.eclipse.justj.openjdk.hotspot.jre.full.win32.x86_64_16.0.1.v20210528-1205\jre\bin\server\jvm.dll
0x000007fefee00000 - 0x000007fefeedb000 	C:\Windows\system32\ADVAPI32.dll
0x000007fefda60000 - 0x000007fefda7f000 	C:\Windows\SYSTEM32\sechost.dll
0x000007fefefe0000 - 0x000007feff10d000 	C:\Windows\system32\RPCRT4.dll
0x000007fefa810000 - 0x000007fefa819000 	C:\Windows\system32\WSOCK32.dll
0x000007fefecf0000 - 0x000007fefed3d000 	C:\Windows\system32\WS2_32.dll
0x000007fefdb00000 - 0x000007fefdb08000 	C:\Windows\system32\NSI.dll
0x000007fefb990000 - 0x000007fefb9cb000 	C:\Windows\system32\WINMM.dll
0x000007fefbe90000 - 0x000007fefbe9c000 	C:\Windows\system32\VERSION.dll
0x0000000076fd0000 - 0x0000000076fd7000 	C:\Windows\system32\PSAPI.DLL
0x000007fef6d40000 - 0x000007fef6d4a000 	C:\Users\Hay Info\.p2\pool\plugins\org.eclipse.justj.openjdk.hotspot.jre.full.win32.x86_64_16.0.1.v20210528-1205\jre\bin\jimage.dll
0x000007fef72c0000 - 0x000007fef73e5000 	C:\Windows\system32\DBGHELP.DLL
0x000007fef6ca0000 - 0x000007fef6cc5000 	C:\Users\Hay Info\.p2\pool\plugins\org.eclipse.justj.openjdk.hotspot.jre.full.win32.x86_64_16.0.1.v20210528-1205\jre\bin\java.dll
0x000007fef6ce0000 - 0x000007fef6cf8000 	C:\Users\Hay Info\.p2\pool\plugins\org.eclipse.justj.openjdk.hotspot.jre.full.win32.x86_64_16.0.1.v20210528-1205\jre\bin\zip.dll
0x000007fefdf60000 - 0x000007fefece8000 	C:\Windows\system32\SHELL32.dll
0x000007fefd850000 - 0x000007fefda53000 	C:\Windows\system32\ole32.dll
0x000007fefcd60000 - 0x000007fefcd6f000 	C:\Windows\system32\profapi.dll
0x000007fef6c80000 - 0x000007fef6c99000 	C:\Users\Hay Info\.p2\pool\plugins\org.eclipse.justj.openjdk.hotspot.jre.full.win32.x86_64_16.0.1.v20210528-1205\jre\bin\net.dll
0x000007fef9000000 - 0x000007fef9071000 	C:\Windows\system32\WINHTTP.dll
0x000007fef8f90000 - 0x000007fef8ff4000 	C:\Windows\system32\webio.dll
0x000007fefc5d0000 - 0x000007fefc625000 	C:\Windows\system32\mswsock.dll
0x000007fefc5c0000 - 0x000007fefc5c7000 	C:\Windows\System32\wship6.dll
0x000007fef37f0000 - 0x000007fef3803000 	C:\Users\Hay Info\.p2\pool\plugins\org.eclipse.justj.openjdk.hotspot.jre.full.win32.x86_64_16.0.1.v20210528-1205\jre\bin\nio.dll
0x000007feeda30000 - 0x000007feeda87000 	C:\Users\Hay Info\AppData\Local\Temp\lwjglHay Info\3.1.2-build-29\lwjgl.dll
0x000007feeef20000 - 0x000007feeef5d000 	C:\Users\HAYINF~1\AppData\Local\Temp\lwjglHay Info\3.1.2-build-29\glfw.dll
0x000007fefb3f0000 - 0x000007fefb446000 	C:\Windows\system32\uxtheme.dll
0x000007feed9e0000 - 0x000007feeda1c000 	C:\Windows\system32\dinput8.dll
0x000007feef110000 - 0x000007feef11c000 	C:\Windows\system32\xinput9_1_0.dll
0x000007fefd2b0000 - 0x000007fefd487000 	C:\Windows\system32\SETUPAPI.dll
0x000007fefceb0000 - 0x000007fefcee6000 	C:\Windows\system32\CFGMGR32.dll
0x000007fefd1d0000 - 0x000007fefd2a7000 	C:\Windows\system32\OLEAUT32.dll
0x000007fefcf30000 - 0x000007fefcf4a000 	C:\Windows\system32\DEVOBJ.dll
0x000007fefb010000 - 0x000007fefb028000 	C:\Windows\system32\dwmapi.dll
0x000007fefb960000 - 0x000007fefb96b000 	C:\Windows\system32\HID.DLL
0x000007fefcef0000 - 0x000007fefcf2b000 	C:\Windows\system32\WINTRUST.dll
0x000007fefcfc0000 - 0x000007fefd12d000 	C:\Windows\system32\CRYPT32.dll
0x000007fefce00000 - 0x000007fefce0f000 	C:\Windows\system32\MSASN1.dll
0x000007feed9a0000 - 0x000007feed9dc000 	C:\Users\HAYINF~1\AppData\Local\Temp\lwjglHay Info\3.1.2-build-29\jemalloc.dll
0x000007feefc90000 - 0x000007feefdad000 	C:\Windows\system32\opengl32.dll
0x000007feefe20000 - 0x000007feefe4d000 	C:\Windows\system32\GLU32.dll
0x000007feef3e0000 - 0x000007feef4d1000 	C:\Windows\system32\DDRAW.dll
0x000007fef7f70000 - 0x000007fef7f78000 	C:\Windows\system32\DCIMAN32.dll
0x0000000180000000 - 0x00000001811f2000 	C:\Windows\system32\ig4icd64.dll
0x000007fefcc90000 - 0x000007fefcc9f000 	C:\Windows\system32\CRYPTBASE.dll
0x000007fefd130000 - 0x000007fefd1c9000 	C:\Windows\system32\CLBCatQ.DLL
0x000007feed940000 - 0x000007feed99c000 	C:\Users\Hay Info\AppData\Local\Temp\lwjglHay Info\3.1.2-build-29\lwjgl_opengl.dll

dbghelp: loaded successfully - version: 4.0.5 - missing functions: none
symbol engine: initialized successfully - sym options: 0x614 - pdb path: .;C:\Users\Hay Info\.p2\pool\plugins\org.eclipse.justj.openjdk.hotspot.jre.full.win32.x86_64_16.0.1.v20210528-1205\jre\bin;C:\Windows\SYSTEM32;C:\Windows\WinSxS\amd64_microsoft.windows.common-controls_6595b64144ccf1df_6.0.7601.17514_none_fa396087175ac9ac;C:\Users\Hay Info\.p2\pool\plugins\org.eclipse.justj.openjdk.hotspot.jre.full.win32.x86_64_16.0.1.v20210528-1205\jre\bin\server;C:\Users\Hay Info\AppData\Local\Temp\lwjglHay Info\3.1.2-build-29;C:\Users\HAYINF~1\AppData\Local\Temp\lwjglHay Info\3.1.2-build-29

VM Arguments:
jvm_args: -Dfile.encoding=Cp1252 -XX:+ShowCodeDetailsInExceptionMessages 
java_command: core.Main
java_class_path (initial): D:\Lwjgl3-Game-Engine-Programming-Series-tutorial_1\oreon.engine\target\classes;C:\Users\Hay Info\.m2\repository\org\lwjgl\lwjgl\3.1.2\lwjgl-3.1.2.jar;C:\Users\Hay Info\.m2\repository\org\lwjgl\lwjgl-assimp\3.1.2\lwjgl-assimp-3.1.2.jar;C:\Users\Hay Info\.m2\repository\org\lwjgl\lwjgl-glfw\3.1.2\lwjgl-glfw-3.1.2.jar;C:\Users\Hay Info\.m2\repository\org\lwjgl\lwjgl-jemalloc\3.1.2\lwjgl-jemalloc-3.1.2.jar;C:\Users\Hay Info\.m2\repository\org\lwjgl\lwjgl-openal\3.1.2\lwjgl-openal-3.1.2.jar;C:\Users\Hay Info\.m2\repository\org\lwjgl\lwjgl-opengl\3.1.2\lwjgl-opengl-3.1.2.jar;C:\Users\Hay Info\.m2\repository\org\lwjgl\lwjgl-stb\3.1.2\lwjgl-stb-3.1.2.jar;C:\Users\Hay Info\.m2\repository\org\lwjgl\lwjgl\3.1.2\lwjgl-3.1.2-natives-windows.jar;C:\Users\Hay Info\.m2\repository\org\lwjgl\lwjgl-assimp\3.1.2\lwjgl-assimp-3.1.2-natives-windows.jar;C:\Users\Hay Info\.m2\repository\org\lwjgl\lwjgl-glfw\3.1.2\lwjgl-glfw-3.1.2-natives-windows.jar;C:\Users\Hay Info\.m2\repository\org\lwjgl\lwjgl-jemalloc\3.1.2\lwjgl-jemalloc-3.1.2-natives-windows.jar;C:\Users\Hay Info\.m2\repository\org\lwjgl\lwjgl-openal\3.1.2\lwjgl-openal-3.1.2-natives-windows.jar;C:\Users\Hay Info\.m2\repository\org\lwjgl\lwjgl-opengl\3.1.2\lwjgl-opengl-3.1.2-natives-windows.jar;C:\Users\Hay Info\.m2\repository\org\lwjgl\lwjgl-stb\3.1.2\lwjgl-stb-3.1.2-natives-windows.jar
Launcher Type: SUN_STANDARD

[Global flags]
     intx CICompilerCount                          = 3                                         {product} {ergonomic}
     uint ConcGCThreads                            = 1                                         {product} {ergonomic}
     uint G1ConcRefinementThreads                  = 4                                         {product} {ergonomic}
   size_t G1HeapRegionSize                         = 1048576                                   {product} {ergonomic}
    uintx GCDrainStackTargetSize                   = 64                                        {product} {ergonomic}
   size_t InitialHeapSize                          = 65011712                                  {product} {ergonomic}
   size_t MarkStackSize                            = 4194304                                   {product} {ergonomic}
   size_t MaxHeapSize                              = 1021313024                                {product} {ergonomic}
   size_t MaxNewSize                               = 612368384                                 {product} {ergonomic}
   size_t MinHeapDeltaBytes                        = 1048576                                   {product} {ergonomic}
   size_t MinHeapSize                              = 8388608                                   {product} {ergonomic}
    uintx NonNMethodCodeHeapSize                   = 5832780                                {pd product} {ergonomic}
    uintx NonProfiledCodeHeapSize                  = 122912730                              {pd product} {ergonomic}
    uintx ProfiledCodeHeapSize                     = 122912730                              {pd product} {ergonomic}
    uintx ReservedCodeCacheSize                    = 251658240                              {pd product} {ergonomic}
     bool SegmentedCodeCache                       = true                                      {product} {ergonomic}
     bool ShowCodeDetailsInExceptionMessages       = true                                   {manageable} {command line}
   size_t SoftMaxHeapSize                          = 1021313024                             {manageable} {ergonomic}
     bool UseCompressedClassPointers               = true                           {product lp64_product} {ergonomic}
     bool UseCompressedOops                        = true                           {product lp64_product} {ergonomic}
     bool UseG1GC                                  = true                                      {product} {ergonomic}
     bool UseLargePagesIndividualAllocation        = false                                  {pd product} {ergonomic}

Logging:
Log output configuration:
 #0: stdout all=warning uptime,level,tags
 #1: stderr all=off uptime,level,tags

Environment Variables:
PATH=C:/Users/Hay Info/.p2/pool/plugins/org.eclipse.justj.openjdk.hotspot.jre.full.win32.x86_64_16.0.1.v20210528-1205/jre/bin/server;C:/Users/Hay Info/.p2/pool/plugins/org.eclipse.justj.openjdk.hotspot.jre.full.win32.x86_64_16.0.1.v20210528-1205/jre/bin;C:\Program Files\Java\jdk1.8.0_251\bin;D:\xampp\php;C:\ProgramData\ComposerSetup\bin;C:\Program Files (x86)\nodejs\;C:\Program Files\Java\jdk1.8.0_251\bin;C:\Users\Hay Info\AppData\Roaming\Composer\vendor\bin;D:\xampp1\php;C:\Program Files\JetBrains\PhpStorm 2020.3.2\bin;;C:\Users\Hay Info\AppData\Roaming\npm;C:\Users\Hay Info\AppData\Local\Programs\MiKTeX\miktex\bin\x64\;C:\Users\Hay Info\AppData\Local\Programs\Microsoft VS Code\bin;C:\Users\Hay Info\AppData\Roaming\Microsoft\Windows\Start Menu\Programs\Eclipse;
USERNAME=Hay Info
OS=Windows_NT
PROCESSOR_IDENTIFIER=Intel64 Family 6 Model 37 Stepping 5, GenuineIntel



---------------  S Y S T E M  ---------------

OS:
 Windows 7 , 64 bit Build 7601 (6.1.7601.17617)
OS uptime: 0 days 7:03 hours

CPU: total 4 (initial active 4) (2 cores per cpu, 2 threads per core) family 6 model 37 stepping 5 microcode 0x0, cx8, cmov, fxsr, ht, mmx, sse, sse2, sse3, ssse3, sse4.1, sse4.2, popcnt, tsc, tscinvbit, aes, clmul, clflush

Memory: 4k page, system-wide physical 3893M (109M free)
TotalPageFile size 7785M (AvailPageFile size 779M)
current process WorkingSet (physical memory assigned to process): 62M, peak: 62M
current process commit charge ("private bytes"): 175M, peak: 175M

vm_info: OpenJDK 64-Bit Server VM (16.0.1+9-24) for windows-amd64 JRE (16.0.1+9-24), built on Mar 26 2021 19:30:07 by "mach5one" with MS VC++ 16.7 (VS2019)

END.
